2016-05-11 14:27:30 [scrapy] INFO: Scrapy 1.1.0rc3 started (bot: collectips)
2016-05-11 14:27:30 [scrapy] INFO: Overridden settings: {'NEWSPIDER_MODULE': 'collectips.spiders', 'ROBOTSTXT_OBEY': True, 'SPIDER_MODULES': ['collectips.spiders'], 'BOT_NAME': 'collectips', 'USER_AGENT': 'Mozilla/5.0 (Window NT 6.1;RV:40.0) Gecko/20100101 Firefox/40.0', 'LOG_FILE': 'scrapy.log'}
2016-05-11 14:27:31 [scrapy] INFO: Enabled extensions:
['scrapy.extensions.logstats.LogStats',
 'scrapy.extensions.telnet.TelnetConsole',
 'scrapy.extensions.corestats.CoreStats']
2016-05-11 14:27:31 [scrapy] INFO: Enabled downloader middlewares:
['scrapy.downloadermiddlewares.robotstxt.RobotsTxtMiddleware',
 'scrapy.downloadermiddlewares.httpauth.HttpAuthMiddleware',
 'scrapy.downloadermiddlewares.downloadtimeout.DownloadTimeoutMiddleware',
 'scrapy.downloadermiddlewares.useragent.UserAgentMiddleware',
 'scrapy.downloadermiddlewares.retry.RetryMiddleware',
 'scrapy.downloadermiddlewares.defaultheaders.DefaultHeadersMiddleware',
 'scrapy.downloadermiddlewares.redirect.MetaRefreshMiddleware',
 'scrapy.downloadermiddlewares.httpcompression.HttpCompressionMiddleware',
 'scrapy.downloadermiddlewares.redirect.RedirectMiddleware',
 'scrapy.downloadermiddlewares.cookies.CookiesMiddleware',
 'scrapy.downloadermiddlewares.chunked.ChunkedTransferMiddleware',
 'scrapy.downloadermiddlewares.stats.DownloaderStats']
2016-05-11 14:27:31 [scrapy] INFO: Enabled spider middlewares:
['scrapy.spidermiddlewares.httperror.HttpErrorMiddleware',
 'scrapy.spidermiddlewares.offsite.OffsiteMiddleware',
 'scrapy.spidermiddlewares.referer.RefererMiddleware',
 'scrapy.spidermiddlewares.urllength.UrlLengthMiddleware',
 'scrapy.spidermiddlewares.depth.DepthMiddleware']
2016-05-11 14:27:31 [scrapy] INFO: Enabled item pipelines:
['collectips.pipelines.CollectipsPipeline']
2016-05-11 14:27:31 [scrapy] INFO: Spider opened
2016-05-11 14:27:31 [scrapy] INFO: Crawled 0 pages (at 0 pages/min), scraped 0 items (at 0 items/min)
2016-05-11 14:27:31 [scrapy] DEBUG: Telnet console listening on 127.0.0.1:6023
2016-05-11 14:27:32 [scrapy] DEBUG: Crawled (200) <GET http://www.xicidaili.com/robots.txt> (referer: None)
2016-05-11 14:27:32 [scrapy] DEBUG: Crawled (200) <GET http://www.xicidaili.com/nn/1> (referer: None)
2016-05-11 14:27:32 [scrapy] DEBUG: Crawled (200) <GET http://www.xicidaili.com/nn/2> (referer: None)
2016-05-11 14:27:33 [scrapy] DEBUG: Scraped from <200 http://www.xicidaili.com/nn/1>
{'IP': u'182.90.43.3',
 'LAST_CHECK_TIME': u'16-05-11 14:18',
 'PORT': u'80',
 'POSITION': u'\u5e7f\u897f\u68a7\u5dde',
 'SPEED': u'1.158',
 'TYPE': u'HTTP'}
2016-05-11 14:27:33 [scrapy] DEBUG: Scraped from <200 http://www.xicidaili.com/nn/2>
{'IP': u'121.196.204.61',
 'LAST_CHECK_TIME': u'16-05-11 05:18',
 'PORT': u'80',
 'POSITION': u'\u5317\u4eac',
 'SPEED': u'0.015',
 'TYPE': u'HTTP'}
2016-05-11 14:27:33 [scrapy] DEBUG: Scraped from <200 http://www.xicidaili.com/nn/1>
{'IP': u'110.72.7.103',
 'LAST_CHECK_TIME': u'16-05-11 14:18',
 'PORT': u'8123',
 'POSITION': u'\u5e7f\u897f\u8d35\u6e2f',
 'SPEED': u'3.24',
 'TYPE': u'HTTP'}
2016-05-11 14:27:33 [scrapy] DEBUG: Scraped from <200 http://www.xicidaili.com/nn/1>
{'IP': u'222.137.178.214',
 'LAST_CHECK_TIME': u'16-05-11 14:02',
 'PORT': u'3128',
 'POSITION': u'\u6cb3\u5357\u90d1\u5dde',
 'SPEED': u'1.165',
 'TYPE': u'HTTP'}
2016-05-11 14:27:33 [scrapy] DEBUG: Scraped from <200 http://www.xicidaili.com/nn/1>
{'IP': u'183.22.221.212',
 'LAST_CHECK_TIME': u'16-05-11 14:00',
 'PORT': u'8888',
 'POSITION': u'\u5e7f\u4e1c\u4e1c\u839e',
 'SPEED': u'2.602',
 'TYPE': u'HTTP'}
2016-05-11 14:27:33 [scrapy] DEBUG: Scraped from <200 http://www.xicidaili.com/nn/2>
{'IP': u'124.193.114.154',
 'LAST_CHECK_TIME': u'16-05-11 05:09',
 'PORT': u'8888',
 'POSITION': u'\u5317\u4eac',
 'SPEED': u'0.974',
 'TYPE': u'HTTP'}
2016-05-11 14:27:33 [scrapy] DEBUG: Scraped from <200 http://www.xicidaili.com/nn/1>
{'IP': u'115.228.106.244',
 'LAST_CHECK_TIME': u'16-05-11 13:54',
 'PORT': u'3128',
 'POSITION': u'\u6d59\u6c5f\u5609\u5174',
 'SPEED': u'7.814',
 'TYPE': u'HTTP'}
2016-05-11 14:27:33 [scrapy] DEBUG: Scraped from <200 http://www.xicidaili.com/nn/2>
{'IP': u'110.73.5.180',
 'LAST_CHECK_TIME': u'16-05-11 04:45',
 'PORT': u'8123',
 'POSITION': u'\u5e7f\u897f\u9632\u57ce\u6e2f',
 'SPEED': u'3.336',
 'TYPE': u'HTTP'}
2016-05-11 14:27:33 [scrapy] DEBUG: Scraped from <200 http://www.xicidaili.com/nn/1>
{'IP': u'113.246.137.62',
 'LAST_CHECK_TIME': u'16-05-11 13:45',
 'PORT': u'8118',
 'POSITION': u'\u6e56\u5357\u957f\u6c99',
 'SPEED': u'1.457',
 'TYPE': u'HTTP'}
2016-05-11 14:27:33 [scrapy] DEBUG: Scraped from <200 http://www.xicidaili.com/nn/1>
{'IP': u'60.218.253.126',
 'LAST_CHECK_TIME': u'16-05-11 13:45',
 'PORT': u'8080',
 'POSITION': u'\u9ed1\u9f99\u6c5f\u53cc\u9e2d\u5c71',
 'SPEED': u'0.509',
 'TYPE': u'HTTP'}
2016-05-11 14:27:33 [scrapy] DEBUG: Scraped from <200 http://www.xicidaili.com/nn/2>
{'IP': u'122.157.177.76',
 'LAST_CHECK_TIME': u'16-05-11 04:36',
 'PORT': u'8118',
 'POSITION': u'\u9ed1\u9f99\u6c5f\u9f50\u9f50\u54c8\u5c14',
 'SPEED': u'5.706',
 'TYPE': u'HTTP'}
2016-05-11 14:27:33 [scrapy] DEBUG: Scraped from <200 http://www.xicidaili.com/nn/2>
{'IP': u'115.159.119.238',
 'LAST_CHECK_TIME': u'16-05-11 04:18',
 'PORT': u'80',
 'POSITION': u'\u6cb3\u5357\u90d1\u5dde',
 'SPEED': u'0.861',
 'TYPE': u'HTTP'}
2016-05-11 14:27:33 [scrapy] DEBUG: Scraped from <200 http://www.xicidaili.com/nn/2>
{'IP': u'120.76.75.217',
 'LAST_CHECK_TIME': u'16-05-11 04:09',
 'PORT': u'8080',
 'POSITION': u'\u957f\u57ce\u5bbd\u5e26',
 'SPEED': u'1.375',
 'TYPE': u'HTTP'}
2016-05-11 14:27:33 [scrapy] DEBUG: Scraped from <200 http://www.xicidaili.com/nn/1>
{'IP': u'110.82.172.239',
 'LAST_CHECK_TIME': u'16-05-11 13:36',
 'PORT': u'8080',
 'POSITION': u'\u798f\u5efa\u8386\u7530',
 'SPEED': u'3.527',
 'TYPE': u'HTTP'}
2016-05-11 14:27:33 [scrapy] DEBUG: Scraped from <200 http://www.xicidaili.com/nn/1>
{'IP': u'121.40.108.76',
 'LAST_CHECK_TIME': u'16-05-11 13:28',
 'PORT': u'80',
 'POSITION': u'\u6cb3\u5317\u8861\u6c34',
 'SPEED': u'2.817',
 'TYPE': u'HTTP'}
2016-05-11 14:27:33 [scrapy] DEBUG: Scraped from <200 http://www.xicidaili.com/nn/1>
{'IP': u'115.159.227.114',
 'LAST_CHECK_TIME': u'16-05-11 13:27',
 'PORT': u'80',
 'POSITION': u'\u6cb3\u5357\u90d1\u5dde',
 'SPEED': u'0.06',
 'TYPE': u'HTTP'}
2016-05-11 14:27:33 [scrapy] DEBUG: Scraped from <200 http://www.xicidaili.com/nn/1>
{'IP': u'182.89.5.33',
 'LAST_CHECK_TIME': u'16-05-11 13:20',
 'PORT': u'8123',
 'POSITION': u'\u5e7f\u897f\u67f3\u5dde',
 'SPEED': u'4.662',
 'TYPE': u'HTTP'}
2016-05-11 14:27:33 [scrapy] DEBUG: Scraped from <200 http://www.xicidaili.com/nn/2>
{'IP': u'115.159.194.24',
 'LAST_CHECK_TIME': u'16-05-11 03:54',
 'PORT': u'80',
 'POSITION': u'\u6cb3\u5357\u90d1\u5dde',
 'SPEED': u'0.044',
 'TYPE': u'HTTP'}
2016-05-11 14:27:33 [scrapy] DEBUG: Scraped from <200 http://www.xicidaili.com/nn/2>
{'IP': u'115.159.69.238',
 'LAST_CHECK_TIME': u'16-05-11 03:45',
 'PORT': u'80',
 'POSITION': u'\u6cb3\u5357\u90d1\u5dde',
 'SPEED': u'0.719',
 'TYPE': u'HTTP'}
2016-05-11 14:27:33 [scrapy] DEBUG: Scraped from <200 http://www.xicidaili.com/nn/2>
{'IP': u'218.56.161.81',
 'LAST_CHECK_TIME': u'16-05-11 03:45',
 'PORT': u'8080',
 'POSITION': u'\u5c71\u4e1c\u83b1\u829c',
 'SPEED': u'0.166',
 'TYPE': u'HTTP'}
2016-05-11 14:27:33 [scrapy] DEBUG: Scraped from <200 http://www.xicidaili.com/nn/1>
{'IP': u'112.85.245.109',
 'LAST_CHECK_TIME': u'16-05-11 13:01',
 'PORT': u'8080',
 'POSITION': u'\u6c5f\u82cf\u5f90\u5dde',
 'SPEED': u'1.202',
 'TYPE': u'HTTP'}
2016-05-11 14:27:33 [scrapy] DEBUG: Scraped from <200 http://www.xicidaili.com/nn/1>
{'IP': u'182.90.4.98',
 'LAST_CHECK_TIME': u'16-05-11 13:00',
 'PORT': u'80',
 'POSITION': u'\u5e7f\u897f\u68a7\u5dde',
 'SPEED': u'7.405',
 'TYPE': u'HTTP'}
2016-05-11 14:27:33 [scrapy] DEBUG: Scraped from <200 http://www.xicidaili.com/nn/1>
{'IP': u'182.89.7.105',
 'LAST_CHECK_TIME': u'16-05-11 12:54',
 'PORT': u'8123',
 'POSITION': u'\u5e7f\u897f\u67f3\u5dde',
 'SPEED': u'4.084',
 'TYPE': u'HTTP'}
2016-05-11 14:27:33 [scrapy] DEBUG: Scraped from <200 http://www.xicidaili.com/nn/1>
{'IP': u'171.36.62.28',
 'LAST_CHECK_TIME': u'16-05-11 12:54',
 'PORT': u'8123',
 'POSITION': u'\u5e7f\u897f\u5357\u5b81',
 'SPEED': u'6.721',
 'TYPE': u'HTTP'}
2016-05-11 14:27:33 [scrapy] DEBUG: Scraped from <200 http://www.xicidaili.com/nn/1>
{'IP': u'182.61.19.148',
 'LAST_CHECK_TIME': u'16-05-11 12:45',
 'PORT': u'80',
 'POSITION': u'\u5317\u4eac',
 'SPEED': u'0.906',
 'TYPE': u'HTTP'}
2016-05-11 14:27:33 [scrapy] DEBUG: Scraped from <200 http://www.xicidaili.com/nn/2>
{'IP': u'115.159.156.13',
 'LAST_CHECK_TIME': u'16-05-11 03:45',
 'PORT': u'80',
 'POSITION': u'\u6cb3\u5357\u90d1\u5dde',
 'SPEED': u'0.262',
 'TYPE': u'HTTP'}
2016-05-11 14:27:33 [scrapy] DEBUG: Scraped from <200 http://www.xicidaili.com/nn/2>
{'IP': u'115.159.3.100',
 'LAST_CHECK_TIME': u'16-05-11 03:45',
 'PORT': u'80',
 'POSITION': u'\u6cb3\u5357\u90d1\u5dde',
 'SPEED': u'0.057',
 'TYPE': u'HTTP'}
2016-05-11 14:27:33 [scrapy] DEBUG: Scraped from <200 http://www.xicidaili.com/nn/2>
{'IP': u'112.192.252.209',
 'LAST_CHECK_TIME': u'16-05-11 03:36',
 'PORT': u'80',
 'POSITION': u'\u56db\u5ddd\u5e7f\u5143',
 'SPEED': u'0.4',
 'TYPE': u'HTTP'}
2016-05-11 14:27:33 [scrapy] DEBUG: Scraped from <200 http://www.xicidaili.com/nn/2>
{'IP': u'110.72.19.164',
 'LAST_CHECK_TIME': u'16-05-11 03:36',
 'PORT': u'8123',
 'POSITION': u'\u5e7f\u897f\u8d35\u6e2f',
 'SPEED': u'4.521',
 'TYPE': u'HTTP'}
2016-05-11 14:27:33 [scrapy] DEBUG: Scraped from <200 http://www.xicidaili.com/nn/1>
{'IP': u'121.31.201.165',
 'LAST_CHECK_TIME': u'16-05-11 12:01',
 'PORT': u'8123',
 'POSITION': u'\u5e7f\u897f\u67f3\u5dde',
 'SPEED': u'6.315',
 'TYPE': u'HTTP'}
2016-05-11 14:27:33 [scrapy] DEBUG: Scraped from <200 http://www.xicidaili.com/nn/1>
{'IP': u'182.90.83.92',
 'LAST_CHECK_TIME': u'16-05-11 11:56',
 'PORT': u'8123',
 'POSITION': u'\u5e7f\u897f\u68a7\u5dde',
 'SPEED': u'7.381',
 'TYPE': u'HTTP'}
2016-05-11 14:27:33 [scrapy] DEBUG: Scraped from <200 http://www.xicidaili.com/nn/1>
{'IP': u'14.223.194.88',
 'LAST_CHECK_TIME': u'16-05-11 11:55',
 'PORT': u'8080',
 'POSITION': u'\u5e7f\u4e1c\u4f5b\u5c71',
 'SPEED': u'1.231',
 'TYPE': u'HTTP'}
2016-05-11 14:27:33 [scrapy] DEBUG: Scraped from <200 http://www.xicidaili.com/nn/1>
{'IP': u'182.90.31.142',
 'LAST_CHECK_TIME': u'16-05-11 11:45',
 'PORT': u'80',
 'POSITION': u'\u5e7f\u897f\u68a7\u5dde',
 'SPEED': u'7.505',
 'TYPE': u'HTTP'}
2016-05-11 14:27:33 [scrapy] DEBUG: Scraped from <200 http://www.xicidaili.com/nn/2>
{'IP': u'171.38.163.85',
 'LAST_CHECK_TIME': u'16-05-11 03:20',
 'PORT': u'8123',
 'POSITION': u'\u5e7f\u897f\u94a6\u5dde',
 'SPEED': u'4.443',
 'TYPE': u'HTTP'}
2016-05-11 14:27:33 [scrapy] DEBUG: Scraped from <200 http://www.xicidaili.com/nn/2>
{'IP': u'180.213.25.54',
 'LAST_CHECK_TIME': u'16-05-11 03:19',
 'PORT': u'8090',
 'POSITION': u'\u5929\u6d25',
 'SPEED': u'1.919',
 'TYPE': u'HTTP'}
2016-05-11 14:27:33 [scrapy] DEBUG: Scraped from <200 http://www.xicidaili.com/nn/2>
{'IP': u'61.184.56.253',
 'LAST_CHECK_TIME': u'16-05-11 03:18',
 'PORT': u'3128',
 'POSITION': u'\u6e56\u5317\u5b9c\u660c',
 'SPEED': u'0.297',
 'TYPE': u'HTTP'}
2016-05-11 14:27:33 [scrapy] DEBUG: Scraped from <200 http://www.xicidaili.com/nn/2>
{'IP': u'171.39.46.225',
 'LAST_CHECK_TIME': u'16-05-11 03:18',
 'PORT': u'8123',
 'POSITION': u'\u5e7f\u897f\u767e\u8272',
 'SPEED': u'0.841',
 'TYPE': u'HTTP'}
2016-05-11 14:27:33 [scrapy] DEBUG: Scraped from <200 http://www.xicidaili.com/nn/2>
{'IP': u'110.72.26.222',
 'LAST_CHECK_TIME': u'16-05-11 03:11',
 'PORT': u'8123',
 'POSITION': u'\u5e7f\u897f\u8d35\u6e2f',
 'SPEED': u'0.301',
 'TYPE': u'HTTP'}
2016-05-11 14:27:33 [scrapy] DEBUG: Scraped from <200 http://www.xicidaili.com/nn/1>
{'IP': u'171.38.208.181',
 'LAST_CHECK_TIME': u'16-05-11 11:45',
 'PORT': u'8123',
 'POSITION': u'\u5e7f\u897f\u94a6\u5dde',
 'SPEED': u'0.312',
 'TYPE': u'HTTP'}
2016-05-11 14:27:33 [scrapy] DEBUG: Scraped from <200 http://www.xicidaili.com/nn/1>
{'IP': u'121.31.93.190',
 'LAST_CHECK_TIME': u'16-05-11 11:36',
 'PORT': u'80',
 'POSITION': u'\u5e7f\u897f\u68a7\u5dde',
 'SPEED': u'0.326',
 'TYPE': u'HTTP'}
2016-05-11 14:27:33 [scrapy] DEBUG: Scraped from <200 http://www.xicidaili.com/nn/1>
{'IP': u'182.155.143.79',
 'LAST_CHECK_TIME': u'16-05-11 11:28',
 'PORT': u'8123',
 'POSITION': u'\u53f0\u6e7e',
 'SPEED': u'4.537',
 'TYPE': u'HTTP'}
2016-05-11 14:27:33 [scrapy] DEBUG: Scraped from <200 http://www.xicidaili.com/nn/1>
{'IP': u'121.237.141.16',
 'LAST_CHECK_TIME': u'16-05-11 11:27',
 'PORT': u'8118',
 'POSITION': u'\u6c5f\u82cf\u5357\u4eac',
 'SPEED': u'0.108',
 'TYPE': u'HTTP'}
2016-05-11 14:27:33 [scrapy] DEBUG: Scraped from <200 http://www.xicidaili.com/nn/1>
{'IP': u'120.86.99.214',
 'LAST_CHECK_TIME': u'16-05-11 11:18',
 'PORT': u'8118',
 'POSITION': u'\u5e7f\u4e1c\u4e1c\u839e',
 'SPEED': u'7.217',
 'TYPE': u'HTTP'}
2016-05-11 14:27:33 [scrapy] DEBUG: Scraped from <200 http://www.xicidaili.com/nn/2>
{'IP': u'171.39.100.94',
 'LAST_CHECK_TIME': u'16-05-11 03:11',
 'PORT': u'8123',
 'POSITION': u'\u5e7f\u897f',
 'SPEED': u'5.415',
 'TYPE': u'HTTP'}
2016-05-11 14:27:33 [scrapy] DEBUG: Scraped from <200 http://www.xicidaili.com/nn/2>
{'IP': u'180.213.174.117',
 'LAST_CHECK_TIME': u'16-05-11 03:11',
 'PORT': u'8090',
 'POSITION': u'\u5929\u6d25',
 'SPEED': u'5.323',
 'TYPE': u'HTTP'}
2016-05-11 14:27:34 [scrapy] DEBUG: Scraped from <200 http://www.xicidaili.com/nn/2>
{'IP': u'171.39.0.8',
 'LAST_CHECK_TIME': u'16-05-11 03:09',
 'PORT': u'8123',
 'POSITION': u'\u5e7f\u897f\u767e\u8272',
 'SPEED': u'1.574',
 'TYPE': u'HTTP'}
2016-05-11 14:27:34 [scrapy] DEBUG: Scraped from <200 http://www.xicidaili.com/nn/2>
{'IP': u'113.227.179.195',
 'LAST_CHECK_TIME': u'16-05-11 03:01',
 'PORT': u'8118',
 'POSITION': u'\u8fbd\u5b81\u5927\u8fde',
 'SPEED': u'2.309',
 'TYPE': u'HTTP'}
2016-05-11 14:27:34 [scrapy] DEBUG: Scraped from <200 http://www.xicidaili.com/nn/1>
{'IP': u'49.73.179.216',
 'LAST_CHECK_TIME': u'16-05-11 11:18',
 'PORT': u'3128',
 'POSITION': u'\u6c5f\u82cf\u82cf\u5dde',
 'SPEED': u'6.158',
 'TYPE': u'HTTP'}
2016-05-11 14:27:34 [scrapy] DEBUG: Scraped from <200 http://www.xicidaili.com/nn/1>
{'IP': u'182.90.66.253',
 'LAST_CHECK_TIME': u'16-05-11 11:09',
 'PORT': u'80',
 'POSITION': u'\u5e7f\u897f\u68a7\u5dde',
 'SPEED': u'5.974',
 'TYPE': u'HTTP'}
2016-05-11 14:27:34 [scrapy] DEBUG: Scraped from <200 http://www.xicidaili.com/nn/1>
{'IP': u'171.38.208.143',
 'LAST_CHECK_TIME': u'16-05-11 11:00',
 'PORT': u'8123',
 'POSITION': u'\u5e7f\u897f\u94a6\u5dde',
 'SPEED': u'5.527',
 'TYPE': u'HTTP'}
2016-05-11 14:27:34 [scrapy] DEBUG: Scraped from <200 http://www.xicidaili.com/nn/1>
{'IP': u'182.254.148.210',
 'LAST_CHECK_TIME': u'16-05-11 10:56',
 'PORT': u'80',
 'POSITION': u'\u5e7f\u4e1c\u6df1\u5733',
 'SPEED': u'0.051',
 'TYPE': u'HTTP'}
2016-05-11 14:27:34 [scrapy] DEBUG: Scraped from <200 http://www.xicidaili.com/nn/1>
{'IP': u'183.141.66.46',
 'LAST_CHECK_TIME': u'16-05-11 10:54',
 'PORT': u'3128',
 'POSITION': u'\u6d59\u6c5f\u5609\u5174',
 'SPEED': u'4.027',
 'TYPE': u'HTTP'}
2016-05-11 14:27:34 [scrapy] DEBUG: Scraped from <200 http://www.xicidaili.com/nn/2>
{'IP': u'110.72.27.177',
 'LAST_CHECK_TIME': u'16-05-11 03:00',
 'PORT': u'8123',
 'POSITION': u'\u5e7f\u897f\u8d35\u6e2f',
 'SPEED': u'0.233',
 'TYPE': u'HTTP'}
2016-05-11 14:27:34 [scrapy] DEBUG: Scraped from <200 http://www.xicidaili.com/nn/2>
{'IP': u'110.73.4.189',
 'LAST_CHECK_TIME': u'16-05-11 02:54',
 'PORT': u'8123',
 'POSITION': u'\u5e7f\u897f\u9632\u57ce\u6e2f',
 'SPEED': u'0.323',
 'TYPE': u'HTTP'}
2016-05-11 14:27:34 [scrapy] DEBUG: Scraped from <200 http://www.xicidaili.com/nn/2>
{'IP': u'122.235.232.53',
 'LAST_CHECK_TIME': u'16-05-11 02:47',
 'PORT': u'8118',
 'POSITION': u'\u6d59\u6c5f\u676d\u5dde',
 'SPEED': u'0.597',
 'TYPE': u'HTTP'}
2016-05-11 14:27:34 [scrapy] DEBUG: Scraped from <200 http://www.xicidaili.com/nn/2>
{'IP': u'121.31.136.152',
 'LAST_CHECK_TIME': u'16-05-11 02:45',
 'PORT': u'8123',
 'POSITION': u'\u5e7f\u897f\u5317\u6d77',
 'SPEED': u'5.072',
 'TYPE': u'HTTP'}
2016-05-11 14:27:34 [scrapy] DEBUG: Scraped from <200 http://www.xicidaili.com/nn/1>
{'IP': u'42.52.58.133',
 'LAST_CHECK_TIME': u'16-05-11 10:54',
 'PORT': u'808',
 'POSITION': u'\u8fbd\u5b81',
 'SPEED': u'0.275',
 'TYPE': u'HTTP'}
2016-05-11 14:27:34 [scrapy] DEBUG: Scraped from <200 http://www.xicidaili.com/nn/1>
{'IP': u'115.159.198.184',
 'LAST_CHECK_TIME': u'16-05-11 10:54',
 'PORT': u'80',
 'POSITION': u'\u6cb3\u5357\u90d1\u5dde',
 'SPEED': u'6.234',
 'TYPE': u'HTTP'}
2016-05-11 14:27:34 [scrapy] DEBUG: Scraped from <200 http://www.xicidaili.com/nn/1>
{'IP': u'124.152.200.6',
 'LAST_CHECK_TIME': u'16-05-11 10:29',
 'PORT': u'8090',
 'POSITION': u'\u7518\u8083\u5170\u5dde',
 'SPEED': u'7.661',
 'TYPE': u'HTTP'}
2016-05-11 14:27:34 [scrapy] DEBUG: Scraped from <200 http://www.xicidaili.com/nn/1>
{'IP': u'223.152.38.66',
 'LAST_CHECK_TIME': u'16-05-11 10:29',
 'PORT': u'8080',
 'POSITION': u'\u6e56\u5357',
 'SPEED': u'2.447',
 'TYPE': u'HTTP'}
2016-05-11 14:27:34 [scrapy] DEBUG: Scraped from <200 http://www.xicidaili.com/nn/2>
{'IP': u'110.73.33.34',
 'LAST_CHECK_TIME': u'16-05-11 02:45',
 'PORT': u'8123',
 'POSITION': u'\u5e7f\u897f\u9632\u57ce\u6e2f',
 'SPEED': u'2.653',
 'TYPE': u'HTTP'}
2016-05-11 14:27:34 [scrapy] DEBUG: Scraped from <200 http://www.xicidaili.com/nn/2>
{'IP': u'182.37.25.36',
 'LAST_CHECK_TIME': u'16-05-11 02:45',
 'PORT': u'8118',
 'POSITION': u'\u5c71\u4e1c\u65e5\u7167',
 'SPEED': u'0.638',
 'TYPE': u'HTTP'}
2016-05-11 14:27:34 [scrapy] DEBUG: Scraped from <200 http://www.xicidaili.com/nn/1>
{'IP': u'182.90.0.17',
 'LAST_CHECK_TIME': u'16-05-11 10:27',
 'PORT': u'80',
 'POSITION': u'\u5e7f\u897f\u68a7\u5dde',
 'SPEED': u'0.391',
 'TYPE': u'HTTP'}
2016-05-11 14:27:34 [scrapy] DEBUG: Scraped from <200 http://www.xicidaili.com/nn/1>
{'IP': u'182.90.22.114',
 'LAST_CHECK_TIME': u'16-05-11 10:27',
 'PORT': u'80',
 'POSITION': u'\u5e7f\u897f\u68a7\u5dde',
 'SPEED': u'1.419',
 'TYPE': u'HTTP'}
2016-05-11 14:27:34 [scrapy] DEBUG: Scraped from <200 http://www.xicidaili.com/nn/1>
{'IP': u'182.90.14.212',
 'LAST_CHECK_TIME': u'16-05-11 10:18',
 'PORT': u'80',
 'POSITION': u'\u5e7f\u897f\u68a7\u5dde',
 'SPEED': u'0.498',
 'TYPE': u'HTTP'}
2016-05-11 14:27:34 [scrapy] DEBUG: Scraped from <200 http://www.xicidaili.com/nn/1>
{'IP': u'61.174.13.12',
 'LAST_CHECK_TIME': u'16-05-11 10:09',
 'PORT': u'80',
 'POSITION': u'\u6d59\u6c5f\u91d1\u534e',
 'SPEED': u'0.52',
 'TYPE': u'HTTP'}
2016-05-11 14:27:34 [scrapy] DEBUG: Scraped from <200 http://www.xicidaili.com/nn/2>
{'IP': u'59.111.75.225',
 'LAST_CHECK_TIME': u'16-05-11 02:36',
 'PORT': u'80',
 'POSITION': u'\u5e7f\u4e1c\u6df1\u5733',
 'SPEED': u'0.726',
 'TYPE': u'HTTP'}
2016-05-11 14:27:34 [scrapy] DEBUG: Scraped from <200 http://www.xicidaili.com/nn/2>
{'IP': u'121.31.73.12',
 'LAST_CHECK_TIME': u'16-05-11 02:36',
 'PORT': u'8123',
 'POSITION': u'\u5e7f\u897f\u68a7\u5dde',
 'SPEED': u'4.963',
 'TYPE': u'HTTP'}
2016-05-11 14:27:34 [scrapy] DEBUG: Scraped from <200 http://www.xicidaili.com/nn/2>
{'IP': u'121.31.76.114',
 'LAST_CHECK_TIME': u'16-05-11 02:29',
 'PORT': u'8123',
 'POSITION': u'\u5e7f\u897f\u68a7\u5dde',
 'SPEED': u'7.596',
 'TYPE': u'HTTP'}
2016-05-11 14:27:34 [scrapy] DEBUG: Scraped from <200 http://www.xicidaili.com/nn/2>
{'IP': u'171.37.159.113',
 'LAST_CHECK_TIME': u'16-05-11 02:18',
 'PORT': u'8123',
 'POSITION': u'\u5e7f\u897f',
 'SPEED': u'4.32',
 'TYPE': u'HTTP'}
2016-05-11 14:27:34 [scrapy] DEBUG: Scraped from <200 http://www.xicidaili.com/nn/1>
{'IP': u'113.206.91.155',
 'LAST_CHECK_TIME': u'16-05-11 10:02',
 'PORT': u'80',
 'POSITION': u'\u91cd\u5e86',
 'SPEED': u'3.308',
 'TYPE': u'HTTP'}
2016-05-11 14:27:34 [scrapy] DEBUG: Scraped from <200 http://www.xicidaili.com/nn/1>
{'IP': u'27.41.71.75',
 'LAST_CHECK_TIME': u'16-05-11 09:57',
 'PORT': u'8090',
 'POSITION': u'\u5e7f\u4e1c\u6c5f\u95e8',
 'SPEED': u'7.401',
 'TYPE': u'HTTP'}
2016-05-11 14:27:34 [scrapy] DEBUG: Scraped from <200 http://www.xicidaili.com/nn/1>
{'IP': u'175.184.167.139',
 'LAST_CHECK_TIME': u'16-05-11 09:57',
 'PORT': u'8090',
 'POSITION': u'\u9752\u6d77',
 'SPEED': u'2.932',
 'TYPE': u'HTTP'}
2016-05-11 14:27:34 [scrapy] DEBUG: Scraped from <200 http://www.xicidaili.com/nn/1>
{'IP': u'182.88.212.236',
 'LAST_CHECK_TIME': u'16-05-11 09:56',
 'PORT': u'8123',
 'POSITION': u'\u5e7f\u897f\u5357\u5b81',
 'SPEED': u'5.34',
 'TYPE': u'HTTP'}
2016-05-11 14:27:34 [scrapy] DEBUG: Scraped from <200 http://www.xicidaili.com/nn/2>
{'IP': u'110.73.53.78',
 'LAST_CHECK_TIME': u'16-05-11 02:18',
 'PORT': u'8123',
 'POSITION': u'\u5e7f\u897f\u5357\u5b81',
 'SPEED': u'1.101',
 'TYPE': u'HTTP'}
2016-05-11 14:27:34 [scrapy] DEBUG: Scraped from <200 http://www.xicidaili.com/nn/2>
{'IP': u'122.191.99.168',
 'LAST_CHECK_TIME': u'16-05-11 02:12',
 'PORT': u'8090',
 'POSITION': u'',
 'SPEED': u'4.41',
 'TYPE': u'HTTP'}
2016-05-11 14:27:34 [scrapy] DEBUG: Scraped from <200 http://www.xicidaili.com/nn/2>
{'IP': u'171.38.215.133',
 'LAST_CHECK_TIME': u'16-05-11 02:11',
 'PORT': u'8123',
 'POSITION': u'\u5e7f\u897f\u94a6\u5dde',
 'SPEED': u'1.132',
 'TYPE': u'HTTP'}
2016-05-11 14:27:34 [scrapy] DEBUG: Scraped from <200 http://www.xicidaili.com/nn/2>
{'IP': u'171.38.84.54',
 'LAST_CHECK_TIME': u'16-05-11 02:11',
 'PORT': u'8123',
 'POSITION': u'\u5e7f\u897f\u7389\u6797',
 'SPEED': u'7.034',
 'TYPE': u'HTTP'}
2016-05-11 14:27:34 [scrapy] DEBUG: Scraped from <200 http://www.xicidaili.com/nn/2>
{'IP': u'171.38.160.40',
 'LAST_CHECK_TIME': u'16-05-11 02:09',
 'PORT': u'8123',
 'POSITION': u'\u5e7f\u897f\u94a6\u5dde',
 'SPEED': u'6.82',
 'TYPE': u'HTTP'}
2016-05-11 14:27:34 [scrapy] DEBUG: Scraped from <200 http://www.xicidaili.com/nn/1>
{'IP': u'110.73.13.157',
 'LAST_CHECK_TIME': u'16-05-11 09:54',
 'PORT': u'8123',
 'POSITION': u'\u5e7f\u897f\u9632\u57ce\u6e2f',
 'SPEED': u'6.388',
 'TYPE': u'HTTP'}
2016-05-11 14:27:34 [scrapy] DEBUG: Scraped from <200 http://www.xicidaili.com/nn/1>
{'IP': u'49.118.252.28',
 'LAST_CHECK_TIME': u'16-05-11 09:47',
 'PORT': u'8090',
 'POSITION': u'\u65b0\u7586',
 'SPEED': u'7.694',
 'TYPE': u'HTTP'}
2016-05-11 14:27:34 [scrapy] DEBUG: Scraped from <200 http://www.xicidaili.com/nn/1>
{'IP': u'182.90.4.68',
 'LAST_CHECK_TIME': u'16-05-11 09:45',
 'PORT': u'80',
 'POSITION': u'\u5e7f\u897f\u68a7\u5dde',
 'SPEED': u'0.414',
 'TYPE': u'HTTP'}
2016-05-11 14:27:34 [scrapy] DEBUG: Scraped from <200 http://www.xicidaili.com/nn/2>
{'IP': u'121.31.102.111',
 'LAST_CHECK_TIME': u'16-05-11 02:09',
 'PORT': u'8123',
 'POSITION': u'\u5e7f\u897f\u9632\u57ce\u6e2f',
 'SPEED': u'5.004',
 'TYPE': u'HTTP'}
2016-05-11 14:27:34 [scrapy] DEBUG: Scraped from <200 http://www.xicidaili.com/nn/2>
{'IP': u'171.38.38.65',
 'LAST_CHECK_TIME': u'16-05-11 02:09',
 'PORT': u'8123',
 'POSITION': u'\u5e7f\u897f\u7389\u6797',
 'SPEED': u'7.757',
 'TYPE': u'HTTP'}
2016-05-11 14:27:34 [scrapy] DEBUG: Scraped from <200 http://www.xicidaili.com/nn/2>
{'IP': u'171.38.77.9',
 'LAST_CHECK_TIME': u'16-05-11 02:09',
 'PORT': u'8123',
 'POSITION': u'\u5e7f\u897f\u7389\u6797',
 'SPEED': u'6.228',
 'TYPE': u'HTTP'}
2016-05-11 14:27:34 [scrapy] DEBUG: Scraped from <200 http://www.xicidaili.com/nn/2>
{'IP': u'171.38.164.234',
 'LAST_CHECK_TIME': u'16-05-11 02:09',
 'PORT': u'8123',
 'POSITION': u'\u5e7f\u897f\u94a6\u5dde',
 'SPEED': u'2.195',
 'TYPE': u'HTTP'}
2016-05-11 14:27:34 [scrapy] DEBUG: Scraped from <200 http://www.xicidaili.com/nn/2>
{'IP': u'171.38.206.60',
 'LAST_CHECK_TIME': u'16-05-11 02:09',
 'PORT': u'8123',
 'POSITION': u'\u5e7f\u897f\u94a6\u5dde',
 'SPEED': u'3.481',
 'TYPE': u'HTTP'}
2016-05-11 14:27:34 [scrapy] DEBUG: Scraped from <200 http://www.xicidaili.com/nn/1>
{'IP': u'182.90.8.27',
 'LAST_CHECK_TIME': u'16-05-11 09:45',
 'PORT': u'80',
 'POSITION': u'\u5e7f\u897f\u68a7\u5dde',
 'SPEED': u'2.375',
 'TYPE': u'HTTP'}
2016-05-11 14:27:34 [scrapy] DEBUG: Scraped from <200 http://www.xicidaili.com/nn/1>
{'IP': u'58.52.2.68',
 'LAST_CHECK_TIME': u'16-05-11 09:38',
 'PORT': u'8118',
 'POSITION': u'\u6e56\u5317\u5341\u5830',
 'SPEED': u'0.965',
 'TYPE': u'HTTP'}
2016-05-11 14:27:34 [scrapy] DEBUG: Scraped from <200 http://www.xicidaili.com/nn/1>
{'IP': u'222.184.6.37',
 'LAST_CHECK_TIME': u'16-05-11 09:37',
 'PORT': u'8118',
 'POSITION': u'\u6c5f\u82cf\u6dee\u5b89',
 'SPEED': u'0.17',
 'TYPE': u'HTTP'}
2016-05-11 14:27:34 [scrapy] DEBUG: Scraped from <200 http://www.xicidaili.com/nn/1>
{'IP': u'115.171.60.112',
 'LAST_CHECK_TIME': u'16-05-11 09:36',
 'PORT': u'80',
 'POSITION': u'\u5317\u4eac',
 'SPEED': u'0.293',
 'TYPE': u'HTTP'}
2016-05-11 14:27:34 [scrapy] DEBUG: Scraped from <200 http://www.xicidaili.com/nn/2>
{'IP': u'115.46.64.81',
 'LAST_CHECK_TIME': u'16-05-11 01:54',
 'PORT': u'8123',
 'POSITION': u'\u5e7f\u897f\u5357\u5b81',
 'SPEED': u'7.103',
 'TYPE': u'HTTP'}
2016-05-11 14:27:34 [scrapy] DEBUG: Scraped from <200 http://www.xicidaili.com/nn/2>
{'IP': u'110.72.32.26',
 'LAST_CHECK_TIME': u'16-05-11 01:54',
 'PORT': u'8123',
 'POSITION': u'\u5e7f\u897f\u8d35\u6e2f',
 'SPEED': u'7.989',
 'TYPE': u'HTTP'}
2016-05-11 14:27:34 [scrapy] DEBUG: Scraped from <200 http://www.xicidaili.com/nn/2>
{'IP': u'182.88.231.29',
 'LAST_CHECK_TIME': u'16-05-11 01:54',
 'PORT': u'8123',
 'POSITION': u'\u5e7f\u897f\u5357\u5b81',
 'SPEED': u'0.371',
 'TYPE': u'HTTP'}
2016-05-11 14:27:34 [scrapy] DEBUG: Scraped from <200 http://www.xicidaili.com/nn/2>
{'IP': u'115.46.89.83',
 'LAST_CHECK_TIME': u'16-05-11 01:54',
 'PORT': u'8123',
 'POSITION': u'\u5e7f\u897f\u5357\u5b81',
 'SPEED': u'1.799',
 'TYPE': u'HTTP'}
2016-05-11 14:27:34 [scrapy] DEBUG: Scraped from <200 http://www.xicidaili.com/nn/1>
{'IP': u'115.160.137.178',
 'LAST_CHECK_TIME': u'16-05-11 09:29',
 'PORT': u'8088',
 'POSITION': u'\u9999\u6e2f',
 'SPEED': u'0.281',
 'TYPE': u'HTTP'}
2016-05-11 14:27:34 [scrapy] DEBUG: Scraped from <200 http://www.xicidaili.com/nn/1>
{'IP': u'124.66.50.146',
 'LAST_CHECK_TIME': u'16-05-11 09:28',
 'PORT': u'8090',
 'POSITION': u'\u6d77\u5357\u6587\u660c',
 'SPEED': u'1.331',
 'TYPE': u'HTTP'}
2016-05-11 14:27:34 [scrapy] DEBUG: Scraped from <200 http://www.xicidaili.com/nn/1>
{'IP': u'49.113.96.40',
 'LAST_CHECK_TIME': u'16-05-11 09:20',
 'PORT': u'8090',
 'POSITION': u'\u65b0\u7586',
 'SPEED': u'7.353',
 'TYPE': u'HTTP'}
2016-05-11 14:27:34 [scrapy] DEBUG: Scraped from <200 http://www.xicidaili.com/nn/1>
{'IP': u'182.90.62.185',
 'LAST_CHECK_TIME': u'16-05-11 09:11',
 'PORT': u'80',
 'POSITION': u'\u5e7f\u897f\u68a7\u5dde',
 'SPEED': u'1.207',
 'TYPE': u'HTTP'}
2016-05-11 14:27:34 [scrapy] DEBUG: Scraped from <200 http://www.xicidaili.com/nn/1>
{'IP': u'182.90.9.160',
 'LAST_CHECK_TIME': u'16-05-11 09:10',
 'PORT': u'80',
 'POSITION': u'\u5e7f\u897f\u68a7\u5dde',
 'SPEED': u'0.342',
 'TYPE': u'HTTP'}
2016-05-11 14:27:34 [scrapy] DEBUG: Scraped from <200 http://www.xicidaili.com/nn/2>
{'IP': u'115.46.71.172',
 'LAST_CHECK_TIME': u'16-05-11 01:54',
 'PORT': u'8123',
 'POSITION': u'\u5e7f\u897f\u5357\u5b81',
 'SPEED': u'0.344',
 'TYPE': u'HTTP'}
2016-05-11 14:27:34 [scrapy] DEBUG: Scraped from <200 http://www.xicidaili.com/nn/2>
{'IP': u'110.73.32.174',
 'LAST_CHECK_TIME': u'16-05-11 01:54',
 'PORT': u'8123',
 'POSITION': u'\u5e7f\u897f\u9632\u57ce\u6e2f',
 'SPEED': u'3.107',
 'TYPE': u'HTTP'}
2016-05-11 14:27:34 [scrapy] DEBUG: Scraped from <200 http://www.xicidaili.com/nn/2>
{'IP': u'61.184.58.3',
 'LAST_CHECK_TIME': u'16-05-11 01:54',
 'PORT': u'3128',
 'POSITION': u'\u6e56\u5317\u5b9c\u660c',
 'SPEED': u'0.418',
 'TYPE': u'HTTP'}
2016-05-11 14:27:34 [scrapy] DEBUG: Scraped from <200 http://www.xicidaili.com/nn/2>
{'IP': u'183.12.206.160',
 'LAST_CHECK_TIME': u'16-05-11 01:47',
 'PORT': u'8090',
 'POSITION': u'\u5e7f\u4e1c\u6df1\u5733',
 'SPEED': u'3.083',
 'TYPE': u'HTTP'}
2016-05-11 14:27:34 [scrapy] DEBUG: Scraped from <200 http://www.xicidaili.com/nn/2>
{'IP': u'110.72.37.232',
 'LAST_CHECK_TIME': u'16-05-11 01:46',
 'PORT': u'8123',
 'POSITION': u'\u5e7f\u897f\u8d35\u6e2f',
 'SPEED': u'0.233',
 'TYPE': u'HTTP'}
2016-05-11 14:27:34 [scrapy] DEBUG: Scraped from <200 http://www.xicidaili.com/nn/1>
{'IP': u'171.38.186.98',
 'LAST_CHECK_TIME': u'16-05-11 09:10',
 'PORT': u'8123',
 'POSITION': u'\u5e7f\u897f\u94a6\u5dde',
 'SPEED': u'7.456',
 'TYPE': u'HTTP'}
2016-05-11 14:27:34 [scrapy] DEBUG: Scraped from <200 http://www.xicidaili.com/nn/1>
{'IP': u'180.104.183.227',
 'LAST_CHECK_TIME': u'16-05-11 09:10',
 'PORT': u'8118',
 'POSITION': u'\u6c5f\u82cf\u82cf\u5dde',
 'SPEED': u'1.977',
 'TYPE': u'HTTP'}
2016-05-11 14:27:34 [scrapy] DEBUG: Scraped from <200 http://www.xicidaili.com/nn/1>
{'IP': u'125.71.239.12',
 'LAST_CHECK_TIME': u'16-05-11 09:00',
 'PORT': u'808',
 'POSITION': u'\u56db\u5ddd\u6210\u90fd',
 'SPEED': u'0.459',
 'TYPE': u'HTTP'}
2016-05-11 14:27:34 [scrapy] DEBUG: Scraped from <200 http://www.xicidaili.com/nn/1>
{'IP': u'42.243.254.187',
 'LAST_CHECK_TIME': u'16-05-11 08:54',
 'PORT': u'80',
 'POSITION': u'\u4e91\u5357',
 'SPEED': u'2.124',
 'TYPE': u'HTTP'}
2016-05-11 14:27:34 [scrapy] DEBUG: Scraped from <200 http://www.xicidaili.com/nn/1>
{'IP': u'123.96.178.25',
 'LAST_CHECK_TIME': u'16-05-11 08:54',
 'PORT': u'3128',
 'POSITION': u'\u6d59\u6c5f\u821f\u5c71',
 'SPEED': u'2.543',
 'TYPE': u'HTTP'}
2016-05-11 14:27:34 [scrapy] DEBUG: Scraped from <200 http://www.xicidaili.com/nn/2>
{'IP': u'221.7.153.246',
 'LAST_CHECK_TIME': u'16-05-11 01:18',
 'PORT': u'80',
 'POSITION': u'\u5e7f\u897f\u68a7\u5dde',
 'SPEED': u'0.481',
 'TYPE': u'HTTP'}
2016-05-11 14:27:34 [scrapy] DEBUG: Scraped from <200 http://www.xicidaili.com/nn/2>
{'IP': u'112.86.49.31',
 'LAST_CHECK_TIME': u'16-05-11 01:10',
 'PORT': u'8118',
 'POSITION': u'\u6c5f\u82cf\u82cf\u5dde',
 'SPEED': u'5.089',
 'TYPE': u'HTTP'}
2016-05-11 14:27:34 [scrapy] DEBUG: Scraped from <200 http://www.xicidaili.com/nn/2>
{'IP': u'110.73.51.201',
 'LAST_CHECK_TIME': u'16-05-11 01:10',
 'PORT': u'8123',
 'POSITION': u'\u5e7f\u897f\u5357\u5b81',
 'SPEED': u'2.242',
 'TYPE': u'HTTP'}
2016-05-11 14:27:34 [scrapy] DEBUG: Scraped from <200 http://www.xicidaili.com/nn/2>
{'IP': u'122.236.111.241',
 'LAST_CHECK_TIME': u'16-05-11 01:10',
 'PORT': u'8118',
 'POSITION': u'\u6d59\u6c5f\u7ecd\u5174',
 'SPEED': u'3.166',
 'TYPE': u'HTTP'}
2016-05-11 14:27:34 [scrapy] DEBUG: Scraped from <200 http://www.xicidaili.com/nn/2>
{'IP': u'122.235.185.178',
 'LAST_CHECK_TIME': u'16-05-11 00:29',
 'PORT': u'8118',
 'POSITION': u'\u6d59\u6c5f\u676d\u5dde',
 'SPEED': u'0.055',
 'TYPE': u'HTTP'}
2016-05-11 14:27:34 [scrapy] DEBUG: Scraped from <200 http://www.xicidaili.com/nn/1>
{'IP': u'60.169.78.218',
 'LAST_CHECK_TIME': u'16-05-11 08:54',
 'PORT': u'808',
 'POSITION': u'\u5b89\u5fbd\u829c\u6e56',
 'SPEED': u'2.68',
 'TYPE': u'HTTP'}
2016-05-11 14:27:34 [scrapy] DEBUG: Scraped from <200 http://www.xicidaili.com/nn/1>
{'IP': u'139.227.74.65',
 'LAST_CHECK_TIME': u'16-05-11 08:45',
 'PORT': u'3128',
 'POSITION': u'\u4e0a\u6d77',
 'SPEED': u'2.969',
 'TYPE': u'HTTP'}
2016-05-11 14:27:34 [scrapy] DEBUG: Scraped from <200 http://www.xicidaili.com/nn/1>
{'IP': u'27.218.111.25',
 'LAST_CHECK_TIME': u'16-05-11 08:27',
 'PORT': u'8118',
 'POSITION': u'\u5c71\u4e1c',
 'SPEED': u'0.481',
 'TYPE': u'HTTP'}
2016-05-11 14:27:34 [scrapy] DEBUG: Scraped from <200 http://www.xicidaili.com/nn/1>
{'IP': u'182.90.22.83',
 'LAST_CHECK_TIME': u'16-05-11 08:27',
 'PORT': u'80',
 'POSITION': u'\u5e7f\u897f\u68a7\u5dde',
 'SPEED': u'3.398',
 'TYPE': u'HTTP'}
2016-05-11 14:27:34 [scrapy] DEBUG: Scraped from <200 http://www.xicidaili.com/nn/1>
{'IP': u'115.53.74.153',
 'LAST_CHECK_TIME': u'16-05-11 08:20',
 'PORT': u'8090',
 'POSITION': u'\u6cb3\u5357\u8bb8\u660c',
 'SPEED': u'4.644',
 'TYPE': u'HTTP'}
2016-05-11 14:27:34 [scrapy] DEBUG: Scraped from <200 http://www.xicidaili.com/nn/2>
{'IP': u'110.73.15.88',
 'LAST_CHECK_TIME': u'16-05-11 00:27',
 'PORT': u'8123',
 'POSITION': u'\u5e7f\u897f\u9632\u57ce\u6e2f',
 'SPEED': u'6.399',
 'TYPE': u'HTTP'}
2016-05-11 14:27:34 [scrapy] DEBUG: Scraped from <200 http://www.xicidaili.com/nn/2>
{'IP': u'114.222.169.62',
 'LAST_CHECK_TIME': u'16-05-11 00:27',
 'PORT': u'8118',
 'POSITION': u'\u6c5f\u82cf\u5357\u4eac',
 'SPEED': u'0.357',
 'TYPE': u'HTTP'}
2016-05-11 14:27:34 [scrapy] DEBUG: Scraped from <200 http://www.xicidaili.com/nn/2>
{'IP': u'110.72.40.255',
 'LAST_CHECK_TIME': u'16-05-11 00:27',
 'PORT': u'8123',
 'POSITION': u'\u5e7f\u897f\u8d35\u6e2f',
 'SPEED': u'0.33',
 'TYPE': u'HTTP'}
2016-05-11 14:27:34 [scrapy] DEBUG: Scraped from <200 http://www.xicidaili.com/nn/2>
{'IP': u'118.81.66.136',
 'LAST_CHECK_TIME': u'16-05-11 00:11',
 'PORT': u'8090',
 'POSITION': u'\u5c71\u897f\u592a\u539f',
 'SPEED': u'7.411',
 'TYPE': u'HTTP'}
2016-05-11 14:27:34 [scrapy] DEBUG: Scraped from <200 http://www.xicidaili.com/nn/2>
{'IP': u'125.123.236.180',
 'LAST_CHECK_TIME': u'16-05-11 00:09',
 'PORT': u'808',
 'POSITION': u'\u6d59\u6c5f\u5609\u5174',
 'SPEED': u'4.745',
 'TYPE': u'HTTP'}
2016-05-11 14:27:34 [scrapy] DEBUG: Scraped from <200 http://www.xicidaili.com/nn/1>
{'IP': u'121.31.197.187',
 'LAST_CHECK_TIME': u'16-05-11 08:18',
 'PORT': u'8123',
 'POSITION': u'\u5e7f\u897f\u5317\u6d77',
 'SPEED': u'7.13',
 'TYPE': u'HTTP'}
2016-05-11 14:27:34 [scrapy] DEBUG: Scraped from <200 http://www.xicidaili.com/nn/1>
{'IP': u'150.255.153.158',
 'LAST_CHECK_TIME': u'16-05-11 08:11',
 'PORT': u'8090',
 'POSITION': u'\u6d77\u5357',
 'SPEED': u'4.774',
 'TYPE': u'HTTP'}
2016-05-11 14:27:34 [scrapy] DEBUG: Scraped from <200 http://www.xicidaili.com/nn/1>
{'IP': u'125.123.82.75',
 'LAST_CHECK_TIME': u'16-05-11 08:09',
 'PORT': u'3128',
 'POSITION': u'\u6d59\u6c5f\u5609\u5174',
 'SPEED': u'5.462',
 'TYPE': u'HTTP'}
2016-05-11 14:27:34 [scrapy] DEBUG: Scraped from <200 http://www.xicidaili.com/nn/1>
{'IP': u'60.161.21.193',
 'LAST_CHECK_TIME': u'16-05-11 08:02',
 'PORT': u'8090',
 'POSITION': u'\u4e91\u5357\u7ea2\u6cb3\u5dde',
 'SPEED': u'6.019',
 'TYPE': u'HTTP'}
2016-05-11 14:27:34 [scrapy] DEBUG: Scraped from <200 http://www.xicidaili.com/nn/1>
{'IP': u'122.236.176.138',
 'LAST_CHECK_TIME': u'16-05-11 07:54',
 'PORT': u'808',
 'POSITION': u'\u6d59\u6c5f\u7ecd\u5174',
 'SPEED': u'0.363',
 'TYPE': u'HTTP'}
2016-05-11 14:27:34 [scrapy] DEBUG: Scraped from <200 http://www.xicidaili.com/nn/2>
{'IP': u'110.73.8.36',
 'LAST_CHECK_TIME': u'16-05-11 00:09',
 'PORT': u'8123',
 'POSITION': u'\u5e7f\u897f\u9632\u57ce\u6e2f',
 'SPEED': u'5.139',
 'TYPE': u'HTTP'}
2016-05-11 14:27:34 [scrapy] DEBUG: Scraped from <200 http://www.xicidaili.com/nn/2>
{'IP': u'123.206.51.200',
 'LAST_CHECK_TIME': u'16-05-10 23:54',
 'PORT': u'80',
 'POSITION': u'',
 'SPEED': u'0.187',
 'TYPE': u'HTTP'}
2016-05-11 14:27:34 [scrapy] DEBUG: Scraped from <200 http://www.xicidaili.com/nn/2>
{'IP': u'111.127.66.230',
 'LAST_CHECK_TIME': u'16-05-10 23:54',
 'PORT': u'80',
 'POSITION': u'\u5185\u8499\u53e4\u5305\u5934',
 'SPEED': u'0.341',
 'TYPE': u'HTTP'}
2016-05-11 14:27:34 [scrapy] DEBUG: Scraped from <200 http://www.xicidaili.com/nn/2>
{'IP': u'121.201.28.185',
 'LAST_CHECK_TIME': u'16-05-10 23:45',
 'PORT': u'8088',
 'POSITION': u'\u5e7f\u4e1c\u4f5b\u5c71',
 'SPEED': u'6.502',
 'TYPE': u'HTTP'}
2016-05-11 14:27:34 [scrapy] DEBUG: Scraped from <200 http://www.xicidaili.com/nn/2>
{'IP': u'183.53.28.152',
 'LAST_CHECK_TIME': u'16-05-10 23:45',
 'PORT': u'8118',
 'POSITION': u'\u5e7f\u4e1c',
 'SPEED': u'2.037',
 'TYPE': u'HTTP'}
2016-05-11 14:27:34 [scrapy] DEBUG: Scraped from <200 http://www.xicidaili.com/nn/1>
{'IP': u'36.226.186.70',
 'LAST_CHECK_TIME': u'16-05-11 07:46',
 'PORT': u'8888',
 'POSITION': u'\u53f0\u6e7e',
 'SPEED': u'2.515',
 'TYPE': u'HTTP'}
2016-05-11 14:27:34 [scrapy] DEBUG: Scraped from <200 http://www.xicidaili.com/nn/1>
{'IP': u'119.122.87.189',
 'LAST_CHECK_TIME': u'16-05-11 07:28',
 'PORT': u'8090',
 'POSITION': u'\u5e7f\u4e1c\u6df1\u5733',
 'SPEED': u'3.153',
 'TYPE': u'HTTP'}
2016-05-11 14:27:34 [scrapy] DEBUG: Scraped from <200 http://www.xicidaili.com/nn/1>
{'IP': u'122.239.3.163',
 'LAST_CHECK_TIME': u'16-05-11 07:27',
 'PORT': u'80',
 'POSITION': u'\u6d59\u6c5f\u6e29\u5dde',
 'SPEED': u'0.371',
 'TYPE': u'HTTP'}
2016-05-11 14:27:34 [scrapy] DEBUG: Scraped from <200 http://www.xicidaili.com/nn/1>
{'IP': u'61.178.238.122',
 'LAST_CHECK_TIME': u'16-05-11 07:09',
 'PORT': u'63000',
 'POSITION': u'\u7518\u8083\u5170\u5dde\u5e02\u57ce\u5173\u533a',
 'SPEED': u'0.338',
 'TYPE': u'HTTP'}
2016-05-11 14:27:34 [scrapy] DEBUG: Scraped from <200 http://www.xicidaili.com/nn/1>
{'IP': u'121.31.92.54',
 'LAST_CHECK_TIME': u'16-05-11 07:09',
 'PORT': u'80',
 'POSITION': u'\u5e7f\u897f\u68a7\u5dde',
 'SPEED': u'2.163',
 'TYPE': u'HTTP'}
2016-05-11 14:27:34 [scrapy] DEBUG: Scraped from <200 http://www.xicidaili.com/nn/2>
{'IP': u'183.53.27.42',
 'LAST_CHECK_TIME': u'16-05-10 23:45',
 'PORT': u'8118',
 'POSITION': u'\u5e7f\u4e1c',
 'SPEED': u'0.195',
 'TYPE': u'HTTP'}
2016-05-11 14:27:34 [scrapy] DEBUG: Scraped from <200 http://www.xicidaili.com/nn/2>
{'IP': u'119.29.85.230',
 'LAST_CHECK_TIME': u'16-05-10 23:39',
 'PORT': u'80',
 'POSITION': u'\u5317\u4eac',
 'SPEED': u'5.193',
 'TYPE': u'HTTP'}
2016-05-11 14:27:34 [scrapy] DEBUG: Scraped from <200 http://www.xicidaili.com/nn/2>
{'IP': u'171.39.37.191',
 'LAST_CHECK_TIME': u'16-05-10 23:38',
 'PORT': u'8123',
 'POSITION': u'\u5e7f\u897f\u767e\u8272',
 'SPEED': u'7.716',
 'TYPE': u'HTTP'}
2016-05-11 14:27:34 [scrapy] DEBUG: Scraped from <200 http://www.xicidaili.com/nn/2>
{'IP': u'110.73.49.235',
 'LAST_CHECK_TIME': u'16-05-10 23:38',
 'PORT': u'8123',
 'POSITION': u'\u5e7f\u897f\u5357\u5b81',
 'SPEED': u'1.657',
 'TYPE': u'HTTP'}
2016-05-11 14:27:34 [scrapy] DEBUG: Scraped from <200 http://www.xicidaili.com/nn/1>
{'IP': u'182.90.79.51',
 'LAST_CHECK_TIME': u'16-05-11 07:09',
 'PORT': u'80',
 'POSITION': u'\u5e7f\u897f\u68a7\u5dde',
 'SPEED': u'0.434',
 'TYPE': u'HTTP'}
2016-05-11 14:27:34 [scrapy] DEBUG: Scraped from <200 http://www.xicidaili.com/nn/1>
{'IP': u'180.106.71.141',
 'LAST_CHECK_TIME': u'16-05-11 07:09',
 'PORT': u'3128',
 'POSITION': u'\u6c5f\u82cf\u82cf\u5dde',
 'SPEED': u'0.213',
 'TYPE': u'HTTP'}
2016-05-11 14:27:34 [scrapy] DEBUG: Scraped from <200 http://www.xicidaili.com/nn/1>
{'IP': u'113.85.118.248',
 'LAST_CHECK_TIME': u'16-05-11 07:00',
 'PORT': u'9999',
 'POSITION': u'\u5e7f\u4e1c\u6f6e\u5dde',
 'SPEED': u'6.611',
 'TYPE': u'HTTP'}
2016-05-11 14:27:34 [scrapy] DEBUG: Scraped from <200 http://www.xicidaili.com/nn/1>
{'IP': u'202.77.57.124',
 'LAST_CHECK_TIME': u'16-05-11 06:55',
 'PORT': u'3128',
 'POSITION': u'\u9999\u6e2f',
 'SPEED': u'2.915',
 'TYPE': u'HTTP'}
2016-05-11 14:27:34 [scrapy] DEBUG: Scraped from <200 http://www.xicidaili.com/nn/1>
{'IP': u'123.113.81.61',
 'LAST_CHECK_TIME': u'16-05-11 06:45',
 'PORT': u'808',
 'POSITION': u'\u5317\u4eac',
 'SPEED': u'0.303',
 'TYPE': u'HTTP'}
2016-05-11 14:27:34 [scrapy] DEBUG: Scraped from <200 http://www.xicidaili.com/nn/2>
{'IP': u'182.254.216.216',
 'LAST_CHECK_TIME': u'16-05-10 23:36',
 'PORT': u'80',
 'POSITION': u'\u5e7f\u4e1c\u6df1\u5733',
 'SPEED': u'0.068',
 'TYPE': u'HTTP'}
2016-05-11 14:27:34 [scrapy] DEBUG: Scraped from <200 http://www.xicidaili.com/nn/2>
{'IP': u'124.31.73.52',
 'LAST_CHECK_TIME': u'16-05-10 23:36',
 'PORT': u'80',
 'POSITION': u'\u897f\u85cf',
 'SPEED': u'0.679',
 'TYPE': u'HTTP'}
2016-05-11 14:27:34 [scrapy] DEBUG: Scraped from <200 http://www.xicidaili.com/nn/2>
{'IP': u'171.38.213.197',
 'LAST_CHECK_TIME': u'16-05-10 23:28',
 'PORT': u'8123',
 'POSITION': u'\u5e7f\u897f\u94a6\u5dde',
 'SPEED': u'1.146',
 'TYPE': u'HTTP'}
2016-05-11 14:27:34 [scrapy] DEBUG: Scraped from <200 http://www.xicidaili.com/nn/2>
{'IP': u'121.31.140.212',
 'LAST_CHECK_TIME': u'16-05-10 23:27',
 'PORT': u'8123',
 'POSITION': u'\u5e7f\u897f\u5317\u6d77',
 'SPEED': u'4.681',
 'TYPE': u'HTTP'}
2016-05-11 14:27:34 [scrapy] DEBUG: Scraped from <200 http://www.xicidaili.com/nn/1>
{'IP': u'119.188.94.145',
 'LAST_CHECK_TIME': u'16-05-11 06:38',
 'PORT': u'80',
 'POSITION': u'\u5c71\u4e1c\u6d4e\u5357',
 'SPEED': u'6.157',
 'TYPE': u'HTTPS'}
2016-05-11 14:27:34 [scrapy] DEBUG: Scraped from <200 http://www.xicidaili.com/nn/1>
{'IP': u'218.60.29.219',
 'LAST_CHECK_TIME': u'16-05-11 06:36',
 'PORT': u'8080',
 'POSITION': u'\u8fbd\u5b81\u6c88\u9633',
 'SPEED': u'7.95',
 'TYPE': u'HTTP'}
2016-05-11 14:27:34 [scrapy] DEBUG: Scraped from <200 http://www.xicidaili.com/nn/1>
{'IP': u'119.254.84.90',
 'LAST_CHECK_TIME': u'16-05-11 06:29',
 'PORT': u'80',
 'POSITION': u'\u5317\u4eac',
 'SPEED': u'1.237',
 'TYPE': u'HTTP'}
2016-05-11 14:27:34 [scrapy] DEBUG: Scraped from <200 http://www.xicidaili.com/nn/1>
{'IP': u'116.21.253.153',
 'LAST_CHECK_TIME': u'16-05-11 06:27',
 'PORT': u'8118',
 'POSITION': u'\u5e7f\u4e1c\u5e7f\u5dde',
 'SPEED': u'0.459',
 'TYPE': u'HTTP'}
2016-05-11 14:27:34 [scrapy] DEBUG: Scraped from <200 http://www.xicidaili.com/nn/1>
{'IP': u'219.145.45.30',
 'LAST_CHECK_TIME': u'16-05-11 06:27',
 'PORT': u'80',
 'POSITION': u'\u9655\u897f\u897f\u5b89',
 'SPEED': u'1.274',
 'TYPE': u'HTTP'}
2016-05-11 14:27:34 [scrapy] DEBUG: Scraped from <200 http://www.xicidaili.com/nn/2>
{'IP': u'183.141.77.174',
 'LAST_CHECK_TIME': u'16-05-10 23:00',
 'PORT': u'3128',
 'POSITION': u'\u6d59\u6c5f\u5609\u5174',
 'SPEED': u'3.777',
 'TYPE': u'HTTP'}
2016-05-11 14:27:34 [scrapy] DEBUG: Scraped from <200 http://www.xicidaili.com/nn/2>
{'IP': u'182.90.29.216',
 'LAST_CHECK_TIME': u'16-05-10 22:45',
 'PORT': u'80',
 'POSITION': u'\u5e7f\u897f\u68a7\u5dde',
 'SPEED': u'3.428',
 'TYPE': u'HTTP'}
2016-05-11 14:27:34 [scrapy] DEBUG: Scraped from <200 http://www.xicidaili.com/nn/2>
{'IP': u'121.201.8.39',
 'LAST_CHECK_TIME': u'16-05-10 22:45',
 'PORT': u'8088',
 'POSITION': u'\u5e7f\u4e1c\u8302\u540d',
 'SPEED': u'2.867',
 'TYPE': u'HTTP'}
2016-05-11 14:27:34 [scrapy] DEBUG: Scraped from <200 http://www.xicidaili.com/nn/2>
{'IP': u'110.73.60.123',
 'LAST_CHECK_TIME': u'16-05-10 22:37',
 'PORT': u'8123',
 'POSITION': u'\u5e7f\u897f\u5357\u5b81',
 'SPEED': u'5.258',
 'TYPE': u'HTTP'}
2016-05-11 14:27:34 [scrapy] DEBUG: Scraped from <200 http://www.xicidaili.com/nn/2>
{'IP': u'121.31.136.214',
 'LAST_CHECK_TIME': u'16-05-10 22:36',
 'PORT': u'8123',
 'POSITION': u'\u5e7f\u897f\u5317\u6d77',
 'SPEED': u'5.378',
 'TYPE': u'HTTP'}
2016-05-11 14:27:34 [scrapy] DEBUG: Scraped from <200 http://www.xicidaili.com/nn/1>
{'IP': u'182.90.21.222',
 'LAST_CHECK_TIME': u'16-05-11 06:18',
 'PORT': u'80',
 'POSITION': u'\u5e7f\u897f\u68a7\u5dde',
 'SPEED': u'0.45',
 'TYPE': u'HTTP'}
2016-05-11 14:27:34 [scrapy] DEBUG: Scraped from <200 http://www.xicidaili.com/nn/1>
{'IP': u'182.90.15.138',
 'LAST_CHECK_TIME': u'16-05-11 06:18',
 'PORT': u'80',
 'POSITION': u'\u5e7f\u897f\u68a7\u5dde',
 'SPEED': u'0.479',
 'TYPE': u'HTTP'}
2016-05-11 14:27:34 [scrapy] DEBUG: Scraped from <200 http://www.xicidaili.com/nn/1>
{'IP': u'182.90.55.0',
 'LAST_CHECK_TIME': u'16-05-11 06:18',
 'PORT': u'80',
 'POSITION': u'\u5e7f\u897f\u68a7\u5dde',
 'SPEED': u'0.349',
 'TYPE': u'HTTP'}
2016-05-11 14:27:34 [scrapy] DEBUG: Scraped from <200 http://www.xicidaili.com/nn/1>
{'IP': u'61.232.254.39',
 'LAST_CHECK_TIME': u'16-05-11 06:18',
 'PORT': u'3128',
 'POSITION': u'\u65b0\u7586\u4e4c\u9c81\u6728\u9f50',
 'SPEED': u'0.765',
 'TYPE': u'HTTP'}
2016-05-11 14:27:34 [scrapy] DEBUG: Scraped from <200 http://www.xicidaili.com/nn/2>
{'IP': u'124.248.220.74',
 'LAST_CHECK_TIME': u'16-05-10 22:28',
 'PORT': u'80',
 'POSITION': u'\u9999\u6e2f',
 'SPEED': u'6.745',
 'TYPE': u'HTTP'}
2016-05-11 14:27:34 [scrapy] DEBUG: Scraped from <200 http://www.xicidaili.com/nn/2>
{'IP': u'171.36.60.71',
 'LAST_CHECK_TIME': u'16-05-10 22:27',
 'PORT': u'8123',
 'POSITION': u'\u5e7f\u897f\u5357\u5b81',
 'SPEED': u'6.011',
 'TYPE': u'HTTP'}
2016-05-11 14:27:34 [scrapy] DEBUG: Scraped from <200 http://www.xicidaili.com/nn/2>
{'IP': u'117.66.19.207',
 'LAST_CHECK_TIME': u'16-05-10 22:20',
 'PORT': u'18186',
 'POSITION': u'\u5b89\u5fbd\u9a6c\u978d\u5c71',
 'SPEED': u'0.22',
 'TYPE': u'HTTP'}
2016-05-11 14:27:34 [scrapy] DEBUG: Scraped from <200 http://www.xicidaili.com/nn/2>
{'IP': u'219.159.50.161',
 'LAST_CHECK_TIME': u'16-05-10 22:18',
 'PORT': u'80',
 'POSITION': u'\u5185\u8499\u53e4\u5df4\u5f66\u6dd6\u5c14',
 'SPEED': u'1.063',
 'TYPE': u'HTTP'}
2016-05-11 14:27:34 [scrapy] DEBUG: Scraped from <200 http://www.xicidaili.com/nn/2>
{'IP': u'120.36.167.192',
 'LAST_CHECK_TIME': u'16-05-10 22:11',
 'PORT': u'8090',
 'POSITION': u'\u798f\u5efa\u53a6\u95e8',
 'SPEED': u'7.138',
 'TYPE': u'HTTP'}
2016-05-11 14:27:34 [scrapy] DEBUG: Scraped from <200 http://www.xicidaili.com/nn/1>
{'IP': u'114.216.81.177',
 'LAST_CHECK_TIME': u'16-05-11 05:54',
 'PORT': u'3128',
 'POSITION': u'\u6c5f\u82cf\u82cf\u5dde',
 'SPEED': u'5.761',
 'TYPE': u'HTTP'}
2016-05-11 14:27:34 [scrapy] DEBUG: Scraped from <200 http://www.xicidaili.com/nn/1>
{'IP': u'49.85.196.208',
 'LAST_CHECK_TIME': u'16-05-11 05:54',
 'PORT': u'3128',
 'POSITION': u'\u6c5f\u82cf\u6cf0\u5dde',
 'SPEED': u'0.933',
 'TYPE': u'HTTP'}
2016-05-11 14:27:34 [scrapy] DEBUG: Scraped from <200 http://www.xicidaili.com/nn/1>
{'IP': u'27.21.182.253',
 'LAST_CHECK_TIME': u'16-05-11 05:54',
 'PORT': u'3128',
 'POSITION': u'\u6e56\u5317\u5b9c\u660c',
 'SPEED': u'5.278',
 'TYPE': u'HTTP'}
2016-05-11 14:27:34 [scrapy] DEBUG: Scraped from <200 http://www.xicidaili.com/nn/1>
{'IP': u'182.90.54.195',
 'LAST_CHECK_TIME': u'16-05-11 05:54',
 'PORT': u'80',
 'POSITION': u'\u5e7f\u897f\u68a7\u5dde',
 'SPEED': u'0.395',
 'TYPE': u'HTTP'}
2016-05-11 14:27:34 [scrapy] DEBUG: Scraped from <200 http://www.xicidaili.com/nn/1>
{'IP': u'124.66.49.129',
 'LAST_CHECK_TIME': u'16-05-11 05:47',
 'PORT': u'8090',
 'POSITION': u'\u6d77\u5357',
 'SPEED': u'0.474',
 'TYPE': u'HTTP'}
2016-05-11 14:27:34 [scrapy] DEBUG: Scraped from <200 http://www.xicidaili.com/nn/2>
{'IP': u'121.31.195.212',
 'LAST_CHECK_TIME': u'16-05-10 22:09',
 'PORT': u'8123',
 'POSITION': u'\u5e7f\u897f\u6842\u6797',
 'SPEED': u'4.334',
 'TYPE': u'HTTP'}
2016-05-11 14:27:34 [scrapy] DEBUG: Scraped from <200 http://www.xicidaili.com/nn/2>
{'IP': u'110.73.2.58',
 'LAST_CHECK_TIME': u'16-05-10 22:00',
 'PORT': u'8123',
 'POSITION': u'\u5e7f\u897f\u9632\u57ce\u6e2f',
 'SPEED': u'3.752',
 'TYPE': u'HTTP'}
2016-05-11 14:27:34 [scrapy] DEBUG: Scraped from <200 http://www.xicidaili.com/nn/2>
{'IP': u'182.88.29.107',
 'LAST_CHECK_TIME': u'16-05-10 21:45',
 'PORT': u'8123',
 'POSITION': u'\u5e7f\u897f\u5357\u5b81',
 'SPEED': u'5.477',
 'TYPE': u'HTTP'}
2016-05-11 14:27:34 [scrapy] DEBUG: Scraped from <200 http://www.xicidaili.com/nn/2>
{'IP': u'121.31.102.40',
 'LAST_CHECK_TIME': u'16-05-10 21:45',
 'PORT': u'8123',
 'POSITION': u'\u5e7f\u897f\u9632\u57ce\u6e2f',
 'SPEED': u'2.121',
 'TYPE': u'HTTP'}
2016-05-11 14:27:34 [scrapy] DEBUG: Scraped from <200 http://www.xicidaili.com/nn/2>
{'IP': u'123.57.225.42',
 'LAST_CHECK_TIME': u'16-05-10 21:18',
 'PORT': u'80',
 'POSITION': u'\u5e7f\u4e1c\u5e7f\u5dde',
 'SPEED': u'1.39',
 'TYPE': u'HTTP'}
2016-05-11 14:27:34 [scrapy] DEBUG: Scraped from <200 http://www.xicidaili.com/nn/1>
{'IP': u'182.90.15.60',
 'LAST_CHECK_TIME': u'16-05-11 05:47',
 'PORT': u'80',
 'POSITION': u'\u5e7f\u897f\u68a7\u5dde',
 'SPEED': u'1.378',
 'TYPE': u'HTTP'}
2016-05-11 14:27:34 [scrapy] DEBUG: Scraped from <200 http://www.xicidaili.com/nn/1>
{'IP': u'110.152.241.148',
 'LAST_CHECK_TIME': u'16-05-11 05:47',
 'PORT': u'8090',
 'POSITION': u'\u65b0\u7586\u4e4c\u9c81\u6728\u9f50',
 'SPEED': u'6.211',
 'TYPE': u'HTTP'}
2016-05-11 14:27:34 [scrapy] DEBUG: Scraped from <200 http://www.xicidaili.com/nn/1>
{'IP': u'110.117.62.221',
 'LAST_CHECK_TIME': u'16-05-11 05:45',
 'PORT': u'8080',
 'POSITION': u'\u94c1\u901a',
 'SPEED': u'0.336',
 'TYPE': u'HTTP'}
2016-05-11 14:27:34 [scrapy] DEBUG: Scraped from <200 http://www.xicidaili.com/nn/1>
{'IP': u'183.61.162.40',
 'LAST_CHECK_TIME': u'16-05-11 05:45',
 'PORT': u'8088',
 'POSITION': u'\u5e7f\u4e1c\u5e7f\u5dde',
 'SPEED': u'6.428',
 'TYPE': u'HTTP'}
2016-05-11 14:27:34 [scrapy] DEBUG: Scraped from <200 http://www.xicidaili.com/nn/1>
{'IP': u'123.122.123.188',
 'LAST_CHECK_TIME': u'16-05-11 05:29',
 'PORT': u'8118',
 'POSITION': u'\u5317\u4eac',
 'SPEED': u'5.557',
 'TYPE': u'HTTP'}
2016-05-11 14:27:34 [scrapy] DEBUG: Scraped from <200 http://www.xicidaili.com/nn/2>
{'IP': u'111.76.49.44',
 'LAST_CHECK_TIME': u'16-05-10 21:09',
 'PORT': u'8080',
 'POSITION': u'\u6c5f\u897f\u5357\u660c',
 'SPEED': u'0.648',
 'TYPE': u'HTTP'}
2016-05-11 14:27:34 [scrapy] DEBUG: Scraped from <200 http://www.xicidaili.com/nn/2>
{'IP': u'115.46.74.36',
 'LAST_CHECK_TIME': u'16-05-10 21:00',
 'PORT': u'8123',
 'POSITION': u'\u5e7f\u897f\u5357\u5b81',
 'SPEED': u'4.477',
 'TYPE': u'HTTP'}
2016-05-11 14:27:34 [scrapy] DEBUG: Scraped from <200 http://www.xicidaili.com/nn/2>
{'IP': u'115.46.67.232',
 'LAST_CHECK_TIME': u'16-05-10 21:00',
 'PORT': u'8123',
 'POSITION': u'\u5e7f\u897f\u5357\u5b81',
 'SPEED': u'3.07',
 'TYPE': u'HTTP'}
2016-05-11 14:27:34 [scrapy] DEBUG: Scraped from <200 http://www.xicidaili.com/nn/2>
{'IP': u'58.22.104.61',
 'LAST_CHECK_TIME': u'16-05-10 20:54',
 'PORT': u'3128',
 'POSITION': u'\u798f\u5efa\u798f\u5dde',
 'SPEED': u'5.117',
 'TYPE': u'HTTP'}
2016-05-11 14:27:34 [scrapy] DEBUG: Scraped from <200 http://www.xicidaili.com/nn/2>
{'IP': u'110.73.31.241',
 'LAST_CHECK_TIME': u'16-05-10 20:54',
 'PORT': u'8123',
 'POSITION': u'\u5e7f\u897f\u9632\u57ce\u6e2f',
 'SPEED': u'7.444',
 'TYPE': u'HTTP'}
2016-05-11 14:27:34 [scrapy] DEBUG: Scraped from <200 http://www.xicidaili.com/nn/1>
{'IP': u'171.39.68.183',
 'LAST_CHECK_TIME': u'16-05-11 05:27',
 'PORT': u'8118',
 'POSITION': u'\u5e7f\u897f\u767e\u8272',
 'SPEED': u'0.326',
 'TYPE': u'HTTP'}
2016-05-11 14:27:34 [scrapy] DEBUG: Scraped from <200 http://www.xicidaili.com/nn/1>
{'IP': u'171.39.135.112',
 'LAST_CHECK_TIME': u'16-05-11 05:18',
 'PORT': u'8123',
 'POSITION': u'\u5e7f\u897f\u6cb3\u6c60',
 'SPEED': u'5.108',
 'TYPE': u'HTTP'}
2016-05-11 14:27:34 [scrapy] DEBUG: Scraped from <200 http://www.xicidaili.com/nn/2>
{'IP': u'171.38.178.85',
 'LAST_CHECK_TIME': u'16-05-10 20:45',
 'PORT': u'8123',
 'POSITION': u'\u5e7f\u897f\u94a6\u5dde',
 'SPEED': u'1.223',
 'TYPE': u'HTTP'}
2016-05-11 14:27:34 [scrapy] DEBUG: Scraped from <200 http://www.xicidaili.com/nn/2>
{'IP': u'112.252.128.210',
 'LAST_CHECK_TIME': u'16-05-10 20:45',
 'PORT': u'8080',
 'POSITION': u'\u5c71\u4e1c',
 'SPEED': u'0.457',
 'TYPE': u'HTTP'}
2016-05-11 14:27:34 [scrapy] DEBUG: Scraped from <200 http://www.xicidaili.com/nn/2>
{'IP': u'110.73.30.174',
 'LAST_CHECK_TIME': u'16-05-10 20:36',
 'PORT': u'8123',
 'POSITION': u'\u5e7f\u897f\u9632\u57ce\u6e2f',
 'SPEED': u'0.636',
 'TYPE': u'HTTP'}
2016-05-11 14:27:34 [scrapy] DEBUG: Scraped from <200 http://www.xicidaili.com/nn/2>
{'IP': u'111.79.29.58',
 'LAST_CHECK_TIME': u'16-05-10 20:36',
 'PORT': u'8080',
 'POSITION': u'\u6c5f\u897f\u8d63\u5dde',
 'SPEED': u'0.136',
 'TYPE': u'HTTP'}
2016-05-11 14:27:34 [scrapy] DEBUG: Scraped from <200 http://www.xicidaili.com/nn/2>
{'IP': u'110.73.54.69',
 'LAST_CHECK_TIME': u'16-05-10 20:36',
 'PORT': u'8123',
 'POSITION': u'\u5e7f\u897f\u5357\u5b81',
 'SPEED': u'1.025',
 'TYPE': u'HTTP'}
2016-05-11 14:27:34 [scrapy] DEBUG: Scraped from <200 http://www.xicidaili.com/nn/2>
{'IP': u'120.24.42.245',
 'LAST_CHECK_TIME': u'16-05-10 20:27',
 'PORT': u'6666',
 'POSITION': u'\u5317\u4eac',
 'SPEED': u'0.165',
 'TYPE': u'HTTP'}
2016-05-11 14:27:34 [scrapy] INFO: Closing spider (finished)
2016-05-11 14:27:34 [scrapy] INFO: Dumping Scrapy stats:
{'downloader/request_bytes': 753,
 'downloader/request_count': 3,
 'downloader/request_method_count/GET': 3,
 'downloader/response_bytes': 15813,
 'downloader/response_count': 3,
 'downloader/response_status_count/200': 3,
 'finish_reason': 'finished',
 'finish_time': datetime.datetime(2016, 5, 11, 6, 27, 34, 428059),
 'item_scraped_count': 200,
 'log_count/DEBUG': 204,
 'log_count/INFO': 7,
 'response_received_count': 3,
 'scheduler/dequeued': 2,
 'scheduler/dequeued/memory': 2,
 'scheduler/enqueued': 2,
 'scheduler/enqueued/memory': 2,
 'start_time': datetime.datetime(2016, 5, 11, 6, 27, 31, 836514)}
2016-05-11 14:27:34 [scrapy] INFO: Spider closed (finished)
