2016-05-23 19:48:32 [scrapy] INFO: Scrapy 1.1.0rc3 started (bot: doubanmovies)
2016-05-23 19:48:32 [scrapy] INFO: Overridden settings: {'NEWSPIDER_MODULE': 'doubanmovies.spiders', 'ROBOTSTXT_OBEY': True, 'SPIDER_MODULES': ['doubanmovies.spiders'], 'BOT_NAME': 'doubanmovies', 'COOKIES_ENABLED': False, 'LOG_FILE': 'scrapy.log', 'DOWNLOAD_DELAY': 3}
2016-05-23 19:48:32 [scrapy] INFO: Enabled extensions:
['scrapy.extensions.logstats.LogStats',
 'scrapy.extensions.telnet.TelnetConsole',
 'scrapy.extensions.corestats.CoreStats']
2016-05-23 19:48:32 [scrapy] INFO: Enabled downloader middlewares:
['doubanmovies.middlewares.RandomUserAgent',
 'scrapy.downloadermiddlewares.robotstxt.RobotsTxtMiddleware',
 'scrapy.downloadermiddlewares.httpauth.HttpAuthMiddleware',
 'scrapy.downloadermiddlewares.downloadtimeout.DownloadTimeoutMiddleware',
 'scrapy.downloadermiddlewares.useragent.UserAgentMiddleware',
 'scrapy.downloadermiddlewares.retry.RetryMiddleware',
 'scrapy.downloadermiddlewares.defaultheaders.DefaultHeadersMiddleware',
 'scrapy.downloadermiddlewares.redirect.MetaRefreshMiddleware',
 'scrapy.downloadermiddlewares.httpcompression.HttpCompressionMiddleware',
 'scrapy.downloadermiddlewares.redirect.RedirectMiddleware',
 'scrapy.downloadermiddlewares.chunked.ChunkedTransferMiddleware',
 'scrapy.downloadermiddlewares.stats.DownloaderStats']
2016-05-23 19:48:32 [scrapy] INFO: Enabled spider middlewares:
['scrapy.spidermiddlewares.httperror.HttpErrorMiddleware',
 'scrapy.spidermiddlewares.offsite.OffsiteMiddleware',
 'scrapy.spidermiddlewares.referer.RefererMiddleware',
 'scrapy.spidermiddlewares.urllength.UrlLengthMiddleware',
 'scrapy.spidermiddlewares.depth.DepthMiddleware']
2016-05-23 19:48:32 [scrapy] INFO: Enabled item pipelines:
['doubanmovies.pipelines.DoubanmoviesPipeline']
2016-05-23 19:48:32 [scrapy] INFO: Spider opened
2016-05-23 19:48:32 [scrapy] INFO: Crawled 0 pages (at 0 pages/min), scraped 0 items (at 0 items/min)
2016-05-23 19:48:32 [scrapy] DEBUG: Telnet console listening on 127.0.0.1:6023
2016-05-23 19:48:32 [scrapy] DEBUG: Crawled (200) <GET https://movie.douban.com/robots.txt> (referer: None)
2016-05-23 19:48:35 [scrapy] DEBUG: Crawled (200) <GET https://movie.douban.com/top250?start=0&filter=> (referer: None)
2016-05-23 19:48:39 [scrapy] DEBUG: Crawled (200) <GET https://movie.douban.com/top250?filter=&start=0> (referer: https://movie.douban.com/top250?start=0&filter=)
2016-05-23 19:48:39 [scrapy] DEBUG: Scraped from <200 https://movie.douban.com/top250?filter=&start=0>
{'name': u'\u8096\u7533\u514b\u7684\u6551\u8d4e', 'rank': u'1'}
2016-05-23 19:48:39 [scrapy] DEBUG: Scraped from <200 https://movie.douban.com/top250?filter=&start=0>
{'name': u'\u8fd9\u4e2a\u6740\u624b\u4e0d\u592a\u51b7', 'rank': u'2'}
2016-05-23 19:48:39 [scrapy] DEBUG: Scraped from <200 https://movie.douban.com/top250?filter=&start=0>
{'name': u'\u963f\u7518\u6b63\u4f20', 'rank': u'3'}
2016-05-23 19:48:39 [scrapy] DEBUG: Scraped from <200 https://movie.douban.com/top250?filter=&start=0>
{'name': u'\u9738\u738b\u522b\u59ec', 'rank': u'4'}
2016-05-23 19:48:39 [scrapy] DEBUG: Scraped from <200 https://movie.douban.com/top250?filter=&start=0>
{'name': u'\u7f8e\u4e3d\u4eba\u751f', 'rank': u'5'}
2016-05-23 19:48:39 [scrapy] DEBUG: Scraped from <200 https://movie.douban.com/top250?filter=&start=0>
{'name': u'\u5343\u4e0e\u5343\u5bfb', 'rank': u'6'}
2016-05-23 19:48:39 [scrapy] DEBUG: Scraped from <200 https://movie.douban.com/top250?filter=&start=0>
{'name': u'\u8f9b\u5fb7\u52d2\u7684\u540d\u5355', 'rank': u'7'}
2016-05-23 19:48:39 [scrapy] DEBUG: Scraped from <200 https://movie.douban.com/top250?filter=&start=0>
{'name': u'\u6d77\u4e0a\u94a2\u7434\u5e08', 'rank': u'8'}
2016-05-23 19:48:39 [scrapy] DEBUG: Scraped from <200 https://movie.douban.com/top250?filter=&start=0>
{'name': u'\u673a\u5668\u4eba\u603b\u52a8\u5458', 'rank': u'9'}
2016-05-23 19:48:39 [scrapy] DEBUG: Scraped from <200 https://movie.douban.com/top250?filter=&start=0>
{'name': u'\u76d7\u68a6\u7a7a\u95f4', 'rank': u'10'}
2016-05-23 19:48:39 [scrapy] DEBUG: Scraped from <200 https://movie.douban.com/top250?filter=&start=0>
{'name': u'\u6cf0\u5766\u5c3c\u514b\u53f7', 'rank': u'11'}
2016-05-23 19:48:39 [scrapy] DEBUG: Scraped from <200 https://movie.douban.com/top250?filter=&start=0>
{'name': u'\u4e09\u50bb\u5927\u95f9\u5b9d\u83b1\u575e', 'rank': u'12'}
2016-05-23 19:48:39 [scrapy] DEBUG: Scraped from <200 https://movie.douban.com/top250?filter=&start=0>
{'name': u'\u653e\u725b\u73ed\u7684\u6625\u5929', 'rank': u'13'}
2016-05-23 19:48:39 [scrapy] DEBUG: Scraped from <200 https://movie.douban.com/top250?filter=&start=0>
{'name': u'\u5fe0\u72ac\u516b\u516c\u7684\u6545\u4e8b', 'rank': u'14'}
2016-05-23 19:48:39 [scrapy] DEBUG: Scraped from <200 https://movie.douban.com/top250?filter=&start=0>
{'name': u'\u5927\u8bdd\u897f\u6e38\u4e4b\u5927\u5723\u5a36\u4eb2',
 'rank': u'15'}
2016-05-23 19:48:39 [scrapy] DEBUG: Scraped from <200 https://movie.douban.com/top250?filter=&start=0>
{'name': u'\u9f99\u732b', 'rank': u'16'}
2016-05-23 19:48:39 [scrapy] DEBUG: Scraped from <200 https://movie.douban.com/top250?filter=&start=0>
{'name': u'\u6559\u7236', 'rank': u'17'}
2016-05-23 19:48:39 [scrapy] DEBUG: Scraped from <200 https://movie.douban.com/top250?filter=&start=0>
{'name': u'\u4e71\u4e16\u4f73\u4eba', 'rank': u'18'}
2016-05-23 19:48:39 [scrapy] DEBUG: Scraped from <200 https://movie.douban.com/top250?filter=&start=0>
{'name': u'\u5929\u5802\u7535\u5f71\u9662', 'rank': u'19'}
2016-05-23 19:48:39 [scrapy] DEBUG: Scraped from <200 https://movie.douban.com/top250?filter=&start=0>
{'name': u'\u5f53\u5e78\u798f\u6765\u6572\u95e8', 'rank': u'20'}
2016-05-23 19:48:39 [scrapy] DEBUG: Scraped from <200 https://movie.douban.com/top250?filter=&start=0>
{'name': u'\u640f\u51fb\u4ff1\u4e50\u90e8', 'rank': u'21'}
2016-05-23 19:48:39 [scrapy] DEBUG: Scraped from <200 https://movie.douban.com/top250?filter=&start=0>
{'name': u'\u695a\u95e8\u7684\u4e16\u754c', 'rank': u'22'}
2016-05-23 19:48:39 [scrapy] DEBUG: Scraped from <200 https://movie.douban.com/top250?filter=&start=0>
{'name': u'\u89e6\u4e0d\u53ef\u53ca', 'rank': u'23'}
2016-05-23 19:48:39 [scrapy] DEBUG: Scraped from <200 https://movie.douban.com/top250?filter=&start=0>
{'name': u'\u6307\u73af\u738b3\uff1a\u738b\u8005\u65e0\u654c', 'rank': u'24'}
2016-05-23 19:48:39 [scrapy] DEBUG: Scraped from <200 https://movie.douban.com/top250?filter=&start=0>
{'name': u'\u7f57\u9a6c\u5047\u65e5', 'rank': u'25'}
2016-05-23 19:48:39 [scrapy] DEBUG: Filtered duplicate request: <GET https://movie.douban.com/top250?filter=&start=25> - no more duplicates will be shown (see DUPEFILTER_DEBUG to show all duplicates)
2016-05-23 19:48:44 [scrapy] DEBUG: Crawled (200) <GET https://movie.douban.com/top250?filter=&start=225> (referer: https://movie.douban.com/top250?start=0&filter=)
2016-05-23 19:48:46 [scrapy] DEBUG: Scraped from <200 https://movie.douban.com/top250?filter=&start=225>
{'name': u'\u57ce\u5e02\u4e4b\u5149', 'rank': u'226'}
2016-05-23 19:48:46 [scrapy] DEBUG: Scraped from <200 https://movie.douban.com/top250?filter=&start=225>
{'name': u'\u8d85\u80fd\u9646\u6218\u961f', 'rank': u'227'}
2016-05-23 19:48:46 [scrapy] DEBUG: Scraped from <200 https://movie.douban.com/top250?filter=&start=225>
{'name': u'\u65e0\u654c\u7834\u574f\u738b', 'rank': u'228'}
2016-05-23 19:48:46 [scrapy] DEBUG: Scraped from <200 https://movie.douban.com/top250?filter=&start=225>
{'name': u'\u5927\u536b\xb7\u6208\u5c14\u7684\u4e00\u751f', 'rank': u'229'}
2016-05-23 19:48:46 [scrapy] DEBUG: Scraped from <200 https://movie.douban.com/top250?filter=&start=225>
{'name': u'\u56fd\u738b\u7684\u6f14\u8bb2', 'rank': u'230'}
2016-05-23 19:48:46 [scrapy] DEBUG: Scraped from <200 https://movie.douban.com/top250?filter=&start=225>
{'name': u'\u8352\u5c9b\u4f59\u751f', 'rank': u'231'}
2016-05-23 19:48:46 [scrapy] DEBUG: Scraped from <200 https://movie.douban.com/top250?filter=&start=225>
{'name': u'\u726f\u5cad\u8857\u5c11\u5e74\u6740\u4eba\u4e8b\u4ef6',
 'rank': u'232'}
2016-05-23 19:48:46 [scrapy] DEBUG: Scraped from <200 https://movie.douban.com/top250?filter=&start=225>
{'name': u'\u8840\u94bb', 'rank': u'233'}
2016-05-23 19:48:46 [scrapy] DEBUG: Scraped from <200 https://movie.douban.com/top250?filter=&start=225>
{'name': u'\u672a\u9ebb\u7684\u90e8\u5c4b', 'rank': u'234'}
2016-05-23 19:48:46 [scrapy] DEBUG: Scraped from <200 https://movie.douban.com/top250?filter=&start=225>
{'name': u'\u5bff\u53f8\u4e4b\u795e', 'rank': u'235'}
2016-05-23 19:48:46 [scrapy] DEBUG: Scraped from <200 https://movie.douban.com/top250?filter=&start=225>
{'name': u'\u5bfc\u76f2\u72ac\u5c0fQ', 'rank': u'236'}
2016-05-23 19:48:46 [scrapy] DEBUG: Scraped from <200 https://movie.douban.com/top250?filter=&start=225>
{'name': u'\u6708\u7403', 'rank': u'237'}
2016-05-23 19:48:46 [scrapy] DEBUG: Scraped from <200 https://movie.douban.com/top250?filter=&start=225>
{'name': u'\u5343\u94a7\u4e00\u53d1', 'rank': u'238'}
2016-05-23 19:48:46 [scrapy] DEBUG: Scraped from <200 https://movie.douban.com/top250?filter=&start=225>
{'name': u'\u89d2\u6597\u58eb', 'rank': u'239'}
2016-05-23 19:48:46 [scrapy] DEBUG: Scraped from <200 https://movie.douban.com/top250?filter=&start=225>
{'name': u'\u5eca\u6865\u9057\u68a6', 'rank': u'240'}
2016-05-23 19:48:46 [scrapy] DEBUG: Scraped from <200 https://movie.douban.com/top250?filter=&start=225>
{'name': u'\u4e0d\u4e00\u6837\u7684\u5929\u7a7a', 'rank': u'241'}
2016-05-23 19:48:46 [scrapy] DEBUG: Scraped from <200 https://movie.douban.com/top250?filter=&start=225>
{'name': u'\u901f\u5ea6\u4e0e\u6fc0\u60c55', 'rank': u'242'}
2016-05-23 19:48:46 [scrapy] DEBUG: Scraped from <200 https://movie.douban.com/top250?filter=&start=225>
{'name': u'\u5047\u5982\u7231\u6709\u5929\u610f', 'rank': u'243'}
2016-05-23 19:48:46 [scrapy] DEBUG: Scraped from <200 https://movie.douban.com/top250?filter=&start=225>
{'name': u'\u6211\u4eec\u4fe9', 'rank': u'244'}
2016-05-23 19:48:46 [scrapy] DEBUG: Scraped from <200 https://movie.douban.com/top250?filter=&start=225>
{'name': u'\u6211\u7231\u4f60', 'rank': u'245'}
2016-05-23 19:48:46 [scrapy] DEBUG: Scraped from <200 https://movie.douban.com/top250?filter=&start=225>
{'name': u'\u8df3\u51fa\u6211\u5929\u5730', 'rank': u'246'}
2016-05-23 19:48:46 [scrapy] DEBUG: Scraped from <200 https://movie.douban.com/top250?filter=&start=225>
{'name': u'\u8352\u86ee\u6545\u4e8b', 'rank': u'247'}
2016-05-23 19:48:46 [scrapy] DEBUG: Scraped from <200 https://movie.douban.com/top250?filter=&start=225>
{'name': u'\u75af\u72c2\u7684\u77f3\u5934', 'rank': u'248'}
2016-05-23 19:48:46 [scrapy] DEBUG: Scraped from <200 https://movie.douban.com/top250?filter=&start=225>
{'name': u'\u6211\u5728\u4f0a\u6717\u957f\u5927', 'rank': u'249'}
2016-05-23 19:48:46 [scrapy] DEBUG: Scraped from <200 https://movie.douban.com/top250?filter=&start=225>
{'name': u'\u6d1b\u57ce\u673a\u5bc6', 'rank': u'250'}
2016-05-23 19:48:47 [scrapy] DEBUG: Crawled (200) <GET https://movie.douban.com/top250?filter=&start=200> (referer: https://movie.douban.com/top250?start=0&filter=)
2016-05-23 19:48:48 [scrapy] DEBUG: Scraped from <200 https://movie.douban.com/top250?filter=&start=200>
{'name': u'\u54ea\u5412\u95f9\u6d77', 'rank': u'201'}
2016-05-23 19:48:48 [scrapy] DEBUG: Scraped from <200 https://movie.douban.com/top250?filter=&start=200>
{'name': u'\u521d\u604b\u8fd9\u4ef6\u5c0f\u4e8b', 'rank': u'202'}
2016-05-23 19:48:48 [scrapy] DEBUG: Scraped from <200 https://movie.douban.com/top250?filter=&start=200>
{'name': u'\u7231\u5728\u66b9\u7f57', 'rank': u'203'}
2016-05-23 19:48:48 [scrapy] DEBUG: Scraped from <200 https://movie.douban.com/top250?filter=&start=200>
{'name': u'\u5df4\u9ece\u6dd8\u6c14\u5e2e', 'rank': u'204'}
2016-05-23 19:48:48 [scrapy] DEBUG: Scraped from <200 https://movie.douban.com/top250?filter=&start=200>
{'name': u'\u672b\u8def\u72c2\u82b1', 'rank': u'205'}
2016-05-23 19:48:48 [scrapy] DEBUG: Scraped from <200 https://movie.douban.com/top250?filter=&start=200>
{'name': u'\u6e90\u4ee3\u7801', 'rank': u'206'}
2016-05-23 19:48:48 [scrapy] DEBUG: Scraped from <200 https://movie.douban.com/top250?filter=&start=200>
{'name': u'\u52c7\u58eb', 'rank': u'207'}
2016-05-23 19:48:48 [scrapy] DEBUG: Scraped from <200 https://movie.douban.com/top250?filter=&start=200>
{'name': u'\u5fc3\u8ff7\u5bab', 'rank': u'208'}
2016-05-23 19:48:48 [scrapy] DEBUG: Scraped from <200 https://movie.douban.com/top250?filter=&start=200>
{'name': u'\u7f8e\u56fd\u4e3d\u4eba', 'rank': u'209'}
2016-05-23 19:48:48 [scrapy] DEBUG: Scraped from <200 https://movie.douban.com/top250?filter=&start=200>
{'name': u'\u4e0e\u72fc\u5171\u821e', 'rank': u'210'}
2016-05-23 19:48:48 [scrapy] DEBUG: Scraped from <200 https://movie.douban.com/top250?filter=&start=200>
{'name': u'\u9ed1\u5ba2\u5e1d\u56fd3\uff1a\u77e9\u9635\u9769\u547d',
 'rank': u'211'}
2016-05-23 19:48:48 [scrapy] DEBUG: Scraped from <200 https://movie.douban.com/top250?filter=&start=200>
{'name': u'\u591c\u8bbf\u5438\u8840\u9b3c', 'rank': u'212'}
2016-05-23 19:48:48 [scrapy] DEBUG: Scraped from <200 https://movie.douban.com/top250?filter=&start=200>
{'name': u'\u9ea6\u515c\u6545\u4e8b', 'rank': u'213'}
2016-05-23 19:48:48 [scrapy] DEBUG: Scraped from <200 https://movie.douban.com/top250?filter=&start=200>
{'name': u'\u9ec4\u91d1\u4e09\u9556\u5ba2', 'rank': u'214'}
2016-05-23 19:48:48 [scrapy] DEBUG: Scraped from <200 https://movie.douban.com/top250?filter=&start=200>
{'name': u'\u65b0\u9f99\u95e8\u5ba2\u6808', 'rank': u'215'}
2016-05-23 19:48:48 [scrapy] DEBUG: Scraped from <200 https://movie.douban.com/top250?filter=&start=200>
{'name': u'\u4e1c\u4eac\u7269\u8bed', 'rank': u'216'}
2016-05-23 19:48:48 [scrapy] DEBUG: Scraped from <200 https://movie.douban.com/top250?filter=&start=200>
{'name': u'\u6696\u6696\u5185\u542b\u5149', 'rank': u'217'}
2016-05-23 19:48:48 [scrapy] DEBUG: Scraped from <200 https://movie.douban.com/top250?filter=&start=200>
{'name': u'\u4e2d\u592e\u8f66\u7ad9', 'rank': u'218'}
2016-05-23 19:48:48 [scrapy] DEBUG: Scraped from <200 https://movie.douban.com/top250?filter=&start=200>
{'name': u'\u88ab\u89e3\u6551\u7684\u59dc\u6208', 'rank': u'219'}
2016-05-23 19:48:48 [scrapy] DEBUG: Scraped from <200 https://movie.douban.com/top250?filter=&start=200>
{'name': u'\u9057\u613f\u6e05\u5355', 'rank': u'220'}
2016-05-23 19:48:48 [scrapy] DEBUG: Scraped from <200 https://movie.douban.com/top250?filter=&start=200>
{'name': u'\u8fbe\u62c9\u65af\u4e70\u5bb6\u4ff1\u4e50\u90e8', 'rank': u'221'}
2016-05-23 19:48:48 [scrapy] DEBUG: Scraped from <200 https://movie.douban.com/top250?filter=&start=200>
{'name': u'\u9752\u86c7', 'rank': u'222'}
2016-05-23 19:48:48 [scrapy] DEBUG: Scraped from <200 https://movie.douban.com/top250?filter=&start=200>
{'name': u'\u7f6a\u6076\u4e4b\u57ce', 'rank': u'223'}
2016-05-23 19:48:48 [scrapy] DEBUG: Scraped from <200 https://movie.douban.com/top250?filter=&start=200>
{'name': u'\u65e0\u803b\u6df7\u86cb', 'rank': u'224'}
2016-05-23 19:48:48 [scrapy] DEBUG: Scraped from <200 https://movie.douban.com/top250?filter=&start=200>
{'name': u'\u5077\u62d0\u62a2\u9a97', 'rank': u'225'}
2016-05-23 19:48:51 [scrapy] DEBUG: Crawled (200) <GET https://movie.douban.com/top250?filter=&start=175> (referer: https://movie.douban.com/top250?start=0&filter=)
2016-05-23 19:48:52 [scrapy] DEBUG: Scraped from <200 https://movie.douban.com/top250?filter=&start=175>
{'name': u'\u53d8\u8138', 'rank': u'176'}
2016-05-23 19:48:52 [scrapy] DEBUG: Scraped from <200 https://movie.douban.com/top250?filter=&start=175>
{'name': u'\u559c\u5267\u4e4b\u738b', 'rank': u'177'}
2016-05-23 19:48:52 [scrapy] DEBUG: Scraped from <200 https://movie.douban.com/top250?filter=&start=175>
{'name': u'\u82b1\u6837\u5e74\u534e', 'rank': u'178'}
2016-05-23 19:48:52 [scrapy] DEBUG: Scraped from <200 https://movie.douban.com/top250?filter=&start=175>
{'name': u'\u963f\u98de\u6b63\u4f20', 'rank': u'179'}
2016-05-23 19:48:52 [scrapy] DEBUG: Scraped from <200 https://movie.douban.com/top250?filter=&start=175>
{'name': u'\u65f6\u7a7a\u604b\u65c5\u4eba', 'rank': u'180'}
2016-05-23 19:48:52 [scrapy] DEBUG: Scraped from <200 https://movie.douban.com/top250?filter=&start=175>
{'name': u'\u7a46\u8d6b\u5170\u9053', 'rank': u'181'}
2016-05-23 19:48:52 [scrapy] DEBUG: Scraped from <200 https://movie.douban.com/top250?filter=&start=175>
{'name': u'E.T. \u5916\u661f\u4eba', 'rank': u'182'}
2016-05-23 19:48:52 [scrapy] DEBUG: Scraped from <200 https://movie.douban.com/top250?filter=&start=175>
{'name': u'\u8fd9\u4e2a\u7537\u4eba\u6765\u81ea\u5730\u7403', 'rank': u'183'}
2016-05-23 19:48:52 [scrapy] DEBUG: Scraped from <200 https://movie.douban.com/top250?filter=&start=175>
{'name': u'\u5510\u4f2f\u864e\u70b9\u79cb\u9999', 'rank': u'184'}
2016-05-23 19:48:52 [scrapy] DEBUG: Scraped from <200 https://movie.douban.com/top250?filter=&start=175>
{'name': u'\u4e24\u5c0f\u65e0\u731c', 'rank': u'185'}
2016-05-23 19:48:52 [scrapy] DEBUG: Scraped from <200 https://movie.douban.com/top250?filter=&start=175>
{'name': u'\u9b54\u5973\u5b85\u6025\u4fbf', 'rank': u'186'}
2016-05-23 19:48:52 [scrapy] DEBUG: Scraped from <200 https://movie.douban.com/top250?filter=&start=175>
{'name': u'\u60ca\u9b42\u8bb0', 'rank': u'187'}
2016-05-23 19:48:52 [scrapy] DEBUG: Scraped from <200 https://movie.douban.com/top250?filter=&start=175>
{'name': u'\u66fe\u7ecf', 'rank': u'188'}
2016-05-23 19:48:52 [scrapy] DEBUG: Scraped from <200 https://movie.douban.com/top250?filter=&start=175>
{'name': u'\u4e0a\u5e1d\u4e5f\u75af\u72c2', 'rank': u'189'}
2016-05-23 19:48:52 [scrapy] DEBUG: Scraped from <200 https://movie.douban.com/top250?filter=&start=175>
{'name': u'\u975e\u5e38\u5acc\u7591\u72af', 'rank': u'190'}
2016-05-23 19:48:52 [scrapy] DEBUG: Scraped from <200 https://movie.douban.com/top250?filter=&start=175>
{'name': u'\u7231\xb7\u56de\u5bb6', 'rank': u'191'}
2016-05-23 19:48:52 [scrapy] DEBUG: Scraped from <200 https://movie.douban.com/top250?filter=&start=175>
{'name': u'\u6050\u6016\u6e38\u8f6e', 'rank': u'192'}
2016-05-23 19:48:52 [scrapy] DEBUG: Scraped from <200 https://movie.douban.com/top250?filter=&start=175>
{'name': u'\u7ec8\u7ed3\u80052\uff1a\u5ba1\u5224\u65e5', 'rank': u'193'}
2016-05-23 19:48:52 [scrapy] DEBUG: Scraped from <200 https://movie.douban.com/top250?filter=&start=175>
{'name': u'\u518d\u6b21\u51fa\u53d1\u4e4b\u7ebd\u7ea6\u9047\u89c1\u4f60',
 'rank': u'194'}
2016-05-23 19:48:52 [scrapy] DEBUG: Scraped from <200 https://movie.douban.com/top250?filter=&start=175>
{'name': u'\u53d1\u6761\u6a59', 'rank': u'195'}
2016-05-23 19:48:52 [scrapy] DEBUG: Scraped from <200 https://movie.douban.com/top250?filter=&start=175>
{'name': u'\u84dd\u8272\u5927\u95e8', 'rank': u'196'}
2016-05-23 19:48:52 [scrapy] DEBUG: Scraped from <200 https://movie.douban.com/top250?filter=&start=175>
{'name': u'\u8759\u8760\u4fa0\uff1a\u9ed1\u6697\u9a91\u58eb\u5d1b\u8d77',
 'rank': u'197'}
2016-05-23 19:48:52 [scrapy] DEBUG: Scraped from <200 https://movie.douban.com/top250?filter=&start=175>
{'name': u'\u5c0f\u68ee\u6797 \u590f\u79cb\u7bc7', 'rank': u'198'}
2016-05-23 19:48:52 [scrapy] DEBUG: Scraped from <200 https://movie.douban.com/top250?filter=&start=175>
{'name': u'\u5fe0\u72ac\u516b\u516c\u7269\u8bed', 'rank': u'199'}
2016-05-23 19:48:52 [scrapy] DEBUG: Scraped from <200 https://movie.douban.com/top250?filter=&start=175>
{'name': u'\u8774\u8776', 'rank': u'200'}
2016-05-23 19:48:55 [scrapy] DEBUG: Crawled (200) <GET https://movie.douban.com/top250?filter=&start=150> (referer: https://movie.douban.com/top250?start=0&filter=)
2016-05-23 19:48:55 [scrapy] DEBUG: Scraped from <200 https://movie.douban.com/top250?filter=&start=150>
{'name': u'\u7ea2\u8fa3\u6912', 'rank': u'151'}
2016-05-23 19:48:55 [scrapy] DEBUG: Scraped from <200 https://movie.douban.com/top250?filter=&start=150>
{'name': u'\u6d77\u76d7\u7535\u53f0', 'rank': u'152'}
2016-05-23 19:48:55 [scrapy] DEBUG: Scraped from <200 https://movie.douban.com/top250?filter=&start=150>
{'name': u'\u559c\u5bb4', 'rank': u'153'}
2016-05-23 19:48:55 [scrapy] DEBUG: Scraped from <200 https://movie.douban.com/top250?filter=&start=150>
{'name': u'\u53ef\u53ef\u897f\u91cc', 'rank': u'154'}
2016-05-23 19:48:55 [scrapy] DEBUG: Scraped from <200 https://movie.douban.com/top250?filter=&start=150>
{'name': u'\u8ffd\u968f', 'rank': u'155'}
2016-05-23 19:48:55 [scrapy] DEBUG: Scraped from <200 https://movie.douban.com/top250?filter=&start=150>
{'name': u'\u6717\u8bfb\u8005', 'rank': u'156'}
2016-05-23 19:48:55 [scrapy] DEBUG: Scraped from <200 https://movie.douban.com/top250?filter=&start=150>
{'name': u'\u6050\u6016\u76f4\u64ad', 'rank': u'157'}
2016-05-23 19:48:55 [scrapy] DEBUG: Scraped from <200 https://movie.douban.com/top250?filter=&start=150>
{'name': u'\u6d88\u5931\u7684\u7231\u4eba', 'rank': u'158'}
2016-05-23 19:48:55 [scrapy] DEBUG: Scraped from <200 https://movie.douban.com/top250?filter=&start=150>
{'name': u'\u6218\u4e89\u4e4b\u738b', 'rank': u'159'}
2016-05-23 19:48:55 [scrapy] DEBUG: Scraped from <200 https://movie.douban.com/top250?filter=&start=150>
{'name': u'\u8fc1\u5f99\u7684\u9e1f', 'rank': u'160'}
2016-05-23 19:48:55 [scrapy] DEBUG: Scraped from <200 https://movie.douban.com/top250?filter=&start=150>
{'name': u'\u8352\u91ce\u751f\u5b58', 'rank': u'161'}
2016-05-23 19:48:55 [scrapy] DEBUG: Scraped from <200 https://movie.douban.com/top250?filter=&start=150>
{'name': u'\u68a6\u4e4b\u5b89\u9b42\u66f2', 'rank': u'162'}
2016-05-23 19:48:55 [scrapy] DEBUG: Scraped from <200 https://movie.douban.com/top250?filter=&start=150>
{'name': u'\u7f57\u751f\u95e8', 'rank': u'163'}
2016-05-23 19:48:55 [scrapy] DEBUG: Scraped from <200 https://movie.douban.com/top250?filter=&start=150>
{'name': u'\u54c8\u5229\xb7\u6ce2\u7279\u4e0e\u6b7b\u4ea1\u5723\u5668(\u4e0b)',
 'rank': u'164'}
2016-05-23 19:48:55 [scrapy] DEBUG: Scraped from <200 https://movie.douban.com/top250?filter=&start=150>
{'name': u'7\u53f7\u623f\u7684\u793c\u7269', 'rank': u'165'}
2016-05-23 19:48:55 [scrapy] DEBUG: Scraped from <200 https://movie.douban.com/top250?filter=&start=150>
{'name': u'\u7eff\u91cc\u5947\u8ff9', 'rank': u'166'}
2016-05-23 19:48:55 [scrapy] DEBUG: Scraped from <200 https://movie.douban.com/top250?filter=&start=150>
{'name': u'\u71d5\u5c3e\u8776', 'rank': u'167'}
2016-05-23 19:48:55 [scrapy] DEBUG: Scraped from <200 https://movie.douban.com/top250?filter=&start=150>
{'name': u'\u8c0d\u5f71\u91cd\u91cd', 'rank': u'168'}
2016-05-23 19:48:55 [scrapy] DEBUG: Scraped from <200 https://movie.douban.com/top250?filter=&start=150>
{'name': u'\u4e00\u6b21\u522b\u79bb', 'rank': u'169'}
2016-05-23 19:48:55 [scrapy] DEBUG: Scraped from <200 https://movie.douban.com/top250?filter=&start=150>
{'name': u'\u5730\u7403\u4e0a\u7684\u661f\u661f', 'rank': u'170'}
2016-05-23 19:48:55 [scrapy] DEBUG: Scraped from <200 https://movie.douban.com/top250?filter=&start=150>
{'name': u'\u52c7\u95ef\u593a\u547d\u5c9b', 'rank': u'171'}
2016-05-23 19:48:55 [scrapy] DEBUG: Scraped from <200 https://movie.douban.com/top250?filter=&start=150>
{'name': u'\u53eb\u6211\u7b2c\u4e00\u540d', 'rank': u'172'}
2016-05-23 19:48:55 [scrapy] DEBUG: Scraped from <200 https://movie.douban.com/top250?filter=&start=150>
{'name': u'\u5361\u8428\u5e03\u5170\u5361', 'rank': u'173'}
2016-05-23 19:48:55 [scrapy] DEBUG: Scraped from <200 https://movie.douban.com/top250?filter=&start=150>
{'name': u'\u8c0d\u5f71\u91cd\u91cd2', 'rank': u'174'}
2016-05-23 19:48:55 [scrapy] DEBUG: Scraped from <200 https://movie.douban.com/top250?filter=&start=150>
{'name': u'\u82f1\u56fd\u75c5\u4eba', 'rank': u'175'}
2016-05-23 19:48:59 [scrapy] DEBUG: Crawled (200) <GET https://movie.douban.com/top250?filter=&start=125> (referer: https://movie.douban.com/top250?start=0&filter=)
2016-05-23 19:48:59 [scrapy] DEBUG: Scraped from <200 https://movie.douban.com/top250?filter=&start=125>
{'name': u'\u5029\u5973\u5e7d\u9b42', 'rank': u'126'}
2016-05-23 19:48:59 [scrapy] DEBUG: Scraped from <200 https://movie.douban.com/top250?filter=&start=125>
{'name': u'\u4e03\u6b66\u58eb', 'rank': u'127'}
2016-05-23 19:48:59 [scrapy] DEBUG: Scraped from <200 https://movie.douban.com/top250?filter=&start=125>
{'name': u'\u602a\u517d\u7535\u529b\u516c\u53f8', 'rank': u'128'}
2016-05-23 19:48:59 [scrapy] DEBUG: Scraped from <200 https://movie.douban.com/top250?filter=&start=125>
{'name': u'\u7a7f\u6761\u7eb9\u7761\u8863\u7684\u7537\u5b69', 'rank': u'129'}
2016-05-23 19:48:59 [scrapy] DEBUG: Scraped from <200 https://movie.douban.com/top250?filter=&start=125>
{'name': u'\u54c8\u5229\xb7\u6ce2\u7279\u4e0e\u9b54\u6cd5\u77f3',
 'rank': u'130'}
2016-05-23 19:48:59 [scrapy] DEBUG: Scraped from <200 https://movie.douban.com/top250?filter=&start=125>
{'name': u'\u5362\u65fa\u8fbe\u996d\u5e97', 'rank': u'131'}
2016-05-23 19:48:59 [scrapy] DEBUG: Scraped from <200 https://movie.douban.com/top250?filter=&start=125>
{'name': u'\u79d2\u901f5\u5398\u7c73', 'rank': u'132'}
2016-05-23 19:48:59 [scrapy] DEBUG: Scraped from <200 https://movie.douban.com/top250?filter=&start=125>
{'name': u'\u9ed1\u5929\u9e45', 'rank': u'133'}
2016-05-23 19:48:59 [scrapy] DEBUG: Scraped from <200 https://movie.douban.com/top250?filter=&start=125>
{'name': u'\u6211\u662f\u5c71\u59c6', 'rank': u'134'}
2016-05-23 19:48:59 [scrapy] DEBUG: Scraped from <200 https://movie.douban.com/top250?filter=&start=125>
{'name': u'\u672b\u4ee3\u7687\u5e1d', 'rank': u'135'}
2016-05-23 19:48:59 [scrapy] DEBUG: Scraped from <200 https://movie.douban.com/top250?filter=&start=125>
{'name': u'\u50b2\u6162\u4e0e\u504f\u89c1', 'rank': u'136'}
2016-05-23 19:48:59 [scrapy] DEBUG: Scraped from <200 https://movie.douban.com/top250?filter=&start=125>
{'name': u'\u4eba\u5de5\u667a\u80fd', 'rank': u'137'}
2016-05-23 19:48:59 [scrapy] DEBUG: Scraped from <200 https://movie.douban.com/top250?filter=&start=125>
{'name': u'\u5b8c\u7f8e\u7684\u4e16\u754c', 'rank': u'138'}
2016-05-23 19:48:59 [scrapy] DEBUG: Scraped from <200 https://movie.douban.com/top250?filter=&start=125>
{'name': u'\u6559\u72363', 'rank': u'139'}
2016-05-23 19:48:59 [scrapy] DEBUG: Scraped from <200 https://movie.douban.com/top250?filter=&start=125>
{'name': u'\u6740\u4eba\u56de\u5fc6', 'rank': u'140'}
2016-05-23 19:48:59 [scrapy] DEBUG: Scraped from <200 https://movie.douban.com/top250?filter=&start=125>
{'name': u'\u73a9\u5177\u603b\u52a8\u54583', 'rank': u'141'}
2016-05-23 19:48:59 [scrapy] DEBUG: Scraped from <200 https://movie.douban.com/top250?filter=&start=125>
{'name': u'\u82f1\u96c4\u672c\u8272', 'rank': u'142'}
2016-05-23 19:48:59 [scrapy] DEBUG: Scraped from <200 https://movie.douban.com/top250?filter=&start=125>
{'name': u'\u96e8\u4e2d\u66f2', 'rank': u'143'}
2016-05-23 19:48:59 [scrapy] DEBUG: Scraped from <200 https://movie.douban.com/top250?filter=&start=125>
{'name': u'\u9999\u6c34', 'rank': u'144'}
2016-05-23 19:48:59 [scrapy] DEBUG: Scraped from <200 https://movie.douban.com/top250?filter=&start=125>
{'name': u'\u51b0\u5ddd\u65f6\u4ee3', 'rank': u'145'}
2016-05-23 19:48:59 [scrapy] DEBUG: Scraped from <200 https://movie.douban.com/top250?filter=&start=125>
{'name': u'\u78a7\u6d77\u84dd\u5929', 'rank': u'146'}
2016-05-23 19:48:59 [scrapy] DEBUG: Scraped from <200 https://movie.douban.com/top250?filter=&start=125>
{'name': u'\u649e\u8f66', 'rank': u'147'}
2016-05-23 19:48:59 [scrapy] DEBUG: Scraped from <200 https://movie.douban.com/top250?filter=&start=125>
{'name': u'\u7eb5\u6a2a\u56db\u6d77', 'rank': u'148'}
2016-05-23 19:48:59 [scrapy] DEBUG: Scraped from <200 https://movie.douban.com/top250?filter=&start=125>
{'name': u'\u6d6a\u6f6e', 'rank': u'149'}
2016-05-23 19:48:59 [scrapy] DEBUG: Scraped from <200 https://movie.douban.com/top250?filter=&start=125>
{'name': u'\u8424\u706b\u4e4b\u68ee', 'rank': u'150'}
2016-05-23 19:49:03 [scrapy] DEBUG: Crawled (200) <GET https://movie.douban.com/top250?filter=&start=100> (referer: https://movie.douban.com/top250?start=0&filter=)
2016-05-23 19:49:04 [scrapy] DEBUG: Scraped from <200 https://movie.douban.com/top250?filter=&start=100>
{'name': u'\u4fa7\u8033\u503e\u542c', 'rank': u'101'}
2016-05-23 19:49:04 [scrapy] DEBUG: Scraped from <200 https://movie.douban.com/top250?filter=&start=100>
{'name': u'\u5e78\u798f\u7ec8\u70b9\u7ad9', 'rank': u'102'}
2016-05-23 19:49:04 [scrapy] DEBUG: Scraped from <200 https://movie.douban.com/top250?filter=&start=100>
{'name': u'\u864e\u53e3\u8131\u9669', 'rank': u'103'}
2016-05-23 19:49:04 [scrapy] DEBUG: Scraped from <200 https://movie.douban.com/top250?filter=&start=100>
{'name': u'\u8d85\u8131', 'rank': u'104'}
2016-05-23 19:49:04 [scrapy] DEBUG: Scraped from <200 https://movie.douban.com/top250?filter=&start=100>
{'name': u'\u732b\u9f20\u6e38\u620f', 'rank': u'105'}
2016-05-23 19:49:04 [scrapy] DEBUG: Scraped from <200 https://movie.douban.com/top250?filter=&start=100>
{'name': u'\u795e\u5077\u5976\u7238', 'rank': u'106'}
2016-05-23 19:49:04 [scrapy] DEBUG: Scraped from <200 https://movie.douban.com/top250?filter=&start=100>
{'name': u'\u7535\u952f\u60ca\u9b42', 'rank': u'107'}
2016-05-23 19:49:04 [scrapy] DEBUG: Scraped from <200 https://movie.douban.com/top250?filter=&start=100>
{'name': u'\u65ad\u80cc\u5c71', 'rank': u'108'}
2016-05-23 19:49:04 [scrapy] DEBUG: Scraped from <200 https://movie.douban.com/top250?filter=&start=100>
{'name': u'\u6469\u767b\u65f6\u4ee3', 'rank': u'109'}
2016-05-23 19:49:04 [scrapy] DEBUG: Scraped from <200 https://movie.douban.com/top250?filter=&start=100>
{'name': u'\u771f\u7231\u81f3\u4e0a', 'rank': u'110'}
2016-05-23 19:49:04 [scrapy] DEBUG: Scraped from <200 https://movie.douban.com/top250?filter=&start=100>
{'name': u'\u83ca\u6b21\u90ce\u7684\u590f\u5929', 'rank': u'111'}
2016-05-23 19:49:04 [scrapy] DEBUG: Scraped from <200 https://movie.douban.com/top250?filter=&start=100>
{'name': u'\u501f\u4e1c\u897f\u7684\u5c0f\u4eba\u963f\u8389\u57c3\u8482',
 'rank': u'112'}
2016-05-23 19:49:04 [scrapy] DEBUG: Scraped from <200 https://movie.douban.com/top250?filter=&start=100>
{'name': u'\u96e8\u4eba', 'rank': u'113'}
2016-05-23 19:49:04 [scrapy] DEBUG: Scraped from <200 https://movie.douban.com/top250?filter=&start=100>
{'name': u'\u8d2b\u6c11\u7a9f\u7684\u767e\u4e07\u5bcc\u7fc1', 'rank': u'114'}
2016-05-23 19:49:04 [scrapy] DEBUG: Scraped from <200 https://movie.douban.com/top250?filter=&start=100>
{'name': u'\u5c81\u6708\u795e\u5077', 'rank': u'115'}
2016-05-23 19:49:04 [scrapy] DEBUG: Scraped from <200 https://movie.douban.com/top250?filter=&start=100>
{'name': u'\u5e03\u8fbe\u4f69\u65af\u5927\u996d\u5e97', 'rank': u'116'}
2016-05-23 19:49:04 [scrapy] DEBUG: Scraped from <200 https://movie.douban.com/top250?filter=&start=100>
{'name': u'\u604b\u604b\u7b14\u8bb0\u672c', 'rank': u'117'}
2016-05-23 19:49:04 [scrapy] DEBUG: Scraped from <200 https://movie.douban.com/top250?filter=&start=100>
{'name': u'\u75af\u72c2\u539f\u59cb\u4eba', 'rank': u'118'}
2016-05-23 19:49:04 [scrapy] DEBUG: Scraped from <200 https://movie.douban.com/top250?filter=&start=100>
{'name': u'\u8bb0\u5fc6\u788e\u7247', 'rank': u'119'}
2016-05-23 19:49:04 [scrapy] DEBUG: Scraped from <200 https://movie.douban.com/top250?filter=&start=100>
{'name': u'\u72e9\u730e', 'rank': u'120'}
2016-05-23 19:49:04 [scrapy] DEBUG: Scraped from <200 https://movie.douban.com/top250?filter=&start=100>
{'name': u'\u8c0d\u5f71\u91cd\u91cd3', 'rank': u'121'}
2016-05-23 19:49:04 [scrapy] DEBUG: Scraped from <200 https://movie.douban.com/top250?filter=&start=100>
{'name': u'\u4e1c\u90aa\u897f\u6bd2', 'rank': u'122'}
2016-05-23 19:49:04 [scrapy] DEBUG: Scraped from <200 https://movie.douban.com/top250?filter=&start=100>
{'name': u'\u7a7f\u8d8a\u65f6\u7a7a\u7684\u5c11\u5973', 'rank': u'123'}
2016-05-23 19:49:04 [scrapy] DEBUG: Scraped from <200 https://movie.douban.com/top250?filter=&start=100>
{'name': u'\u9b42\u65ad\u84dd\u6865', 'rank': u'124'}
2016-05-23 19:49:04 [scrapy] DEBUG: Scraped from <200 https://movie.douban.com/top250?filter=&start=100>
{'name': u'\u731c\u706b\u8f66', 'rank': u'125'}
2016-05-23 19:49:08 [scrapy] DEBUG: Crawled (200) <GET https://movie.douban.com/top250?filter=&start=75> (referer: https://movie.douban.com/top250?start=0&filter=)
2016-05-23 19:49:08 [scrapy] DEBUG: Scraped from <200 https://movie.douban.com/top250?filter=&start=75>
{'name': u'\u5c04\u96d5\u82f1\u96c4\u4f20\u4e4b\u4e1c\u6210\u897f\u5c31',
 'rank': u'76'}
2016-05-23 19:49:08 [scrapy] DEBUG: Scraped from <200 https://movie.douban.com/top250?filter=&start=75>
{'name': u'\u5fc3\u7075\u6355\u624b', 'rank': u'77'}
2016-05-23 19:49:08 [scrapy] DEBUG: Scraped from <200 https://movie.douban.com/top250?filter=&start=75>
{'name': u'\u8ba9\u5b50\u5f39\u98de', 'rank': u'78'}
2016-05-23 19:49:08 [scrapy] DEBUG: Scraped from <200 https://movie.douban.com/top250?filter=&start=75>
{'name': u'\u9633\u5149\u59d0\u59b9\u6dd8', 'rank': u'79'}
2016-05-23 19:49:08 [scrapy] DEBUG: Scraped from <200 https://movie.douban.com/top250?filter=&start=75>
{'name': u'\u9633\u5149\u707f\u70c2\u7684\u65e5\u5b50', 'rank': u'80'}
2016-05-23 19:49:08 [scrapy] DEBUG: Scraped from <200 https://movie.douban.com/top250?filter=&start=75>
{'name': u'\u4e0a\u5e1d\u4e4b\u57ce', 'rank': u'81'}
2016-05-23 19:49:08 [scrapy] DEBUG: Scraped from <200 https://movie.douban.com/top250?filter=&start=75>
{'name': u'\u8424\u706b\u866b\u4e4b\u5893', 'rank': u'82'}
2016-05-23 19:49:08 [scrapy] DEBUG: Scraped from <200 https://movie.douban.com/top250?filter=&start=75>
{'name': u'\u5927\u95f9\u5929\u5bab', 'rank': u'83'}
2016-05-23 19:49:08 [scrapy] DEBUG: Scraped from <200 https://movie.douban.com/top250?filter=&start=75>
{'name': u'\u91cd\u5e86\u68ee\u6797', 'rank': u'84'}
2016-05-23 19:49:08 [scrapy] DEBUG: Scraped from <200 https://movie.douban.com/top250?filter=&start=75>
{'name': u'\u6625\u5149\u4e4d\u6cc4', 'rank': u'85'}
2016-05-23 19:49:08 [scrapy] DEBUG: Scraped from <200 https://movie.douban.com/top250?filter=&start=75>
{'name': u'\u7981\u95ed\u5c9b', 'rank': u'86'}
2016-05-23 19:49:08 [scrapy] DEBUG: Scraped from <200 https://movie.douban.com/top250?filter=&start=75>
{'name': u'\u81f4\u547dID', 'rank': u'87'}
2016-05-23 19:49:08 [scrapy] DEBUG: Scraped from <200 https://movie.douban.com/top250?filter=&start=75>
{'name': u'\u751c\u871c\u871c', 'rank': u'88'}
2016-05-23 19:49:08 [scrapy] DEBUG: Scraped from <200 https://movie.douban.com/top250?filter=&start=75>
{'name': u'\u544a\u767d', 'rank': u'89'}
2016-05-23 19:49:08 [scrapy] DEBUG: Scraped from <200 https://movie.douban.com/top250?filter=&start=75>
{'name': u'\u63a7\u65b9\u8bc1\u4eba', 'rank': u'90'}
2016-05-23 19:49:08 [scrapy] DEBUG: Scraped from <200 https://movie.douban.com/top250?filter=&start=75>
{'name': u'\u52a0\u52d2\u6bd4\u6d77\u76d7', 'rank': u'91'}
2016-05-23 19:49:08 [scrapy] DEBUG: Scraped from <200 https://movie.douban.com/top250?filter=&start=75>
{'name': u'\u7231\u5728\u9ece\u660e\u7834\u6653\u524d', 'rank': u'92'}
2016-05-23 19:49:08 [scrapy] DEBUG: Scraped from <200 https://movie.douban.com/top250?filter=&start=75>
{'name': u'\u963f\u51e1\u8fbe', 'rank': u'93'}
2016-05-23 19:49:08 [scrapy] DEBUG: Scraped from <200 https://movie.douban.com/top250?filter=&start=75>
{'name': u'\u98ce\u4e4b\u8c37', 'rank': u'94'}
2016-05-23 19:49:08 [scrapy] DEBUG: Scraped from <200 https://movie.douban.com/top250?filter=&start=75>
{'name': u'\u4e00\u4e00', 'rank': u'95'}
2016-05-23 19:49:08 [scrapy] DEBUG: Scraped from <200 https://movie.douban.com/top250?filter=&start=75>
{'name': u'\u7231\u5728\u65e5\u843d\u9ec4\u660f\u65f6', 'rank': u'96'}
2016-05-23 19:49:08 [scrapy] DEBUG: Scraped from <200 https://movie.douban.com/top250?filter=&start=75>
{'name': u'\u9a6f\u9f99\u9ad8\u624b', 'rank': u'97'}
2016-05-23 19:49:08 [scrapy] DEBUG: Scraped from <200 https://movie.douban.com/top250?filter=&start=75>
{'name': u'\u6d77\u6d0b', 'rank': u'98'}
2016-05-23 19:49:08 [scrapy] DEBUG: Scraped from <200 https://movie.douban.com/top250?filter=&start=75>
{'name': u'\u71c3\u60c5\u5c81\u6708', 'rank': u'99'}
2016-05-23 19:49:08 [scrapy] DEBUG: Scraped from <200 https://movie.douban.com/top250?filter=&start=75>
{'name': u'\u7d20\u5a9b', 'rank': u'100'}
2016-05-23 19:49:12 [scrapy] DEBUG: Crawled (200) <GET https://movie.douban.com/top250?filter=&start=50> (referer: https://movie.douban.com/top250?start=0&filter=)
2016-05-23 19:49:12 [scrapy] DEBUG: Scraped from <200 https://movie.douban.com/top250?filter=&start=50>
{'name': u'\u52c7\u6562\u7684\u5fc3', 'rank': u'51'}
2016-05-23 19:49:12 [scrapy] DEBUG: Scraped from <200 https://movie.douban.com/top250?filter=&start=50>
{'name': u'\u6b7b\u4ea1\u8bd7\u793e', 'rank': u'52'}
2016-05-23 19:49:12 [scrapy] DEBUG: Scraped from <200 https://movie.douban.com/top250?filter=&start=50>
{'name': u'\u526a\u5200\u624b\u7231\u5fb7\u534e', 'rank': u'53'}
2016-05-23 19:49:12 [scrapy] DEBUG: Scraped from <200 https://movie.douban.com/top250?filter=&start=50>
{'name': u'\u7f8e\u56fd\u5f80\u4e8b', 'rank': u'54'}
2016-05-23 19:49:12 [scrapy] DEBUG: Scraped from <200 https://movie.douban.com/top250?filter=&start=50>
{'name': u'\u94a2\u7434\u5bb6', 'rank': u'55'}
2016-05-23 19:49:12 [scrapy] DEBUG: Scraped from <200 https://movie.douban.com/top250?filter=&start=50>
{'name': u'\u81f4\u547d\u9b54\u672f', 'rank': u'56'}
2016-05-23 19:49:12 [scrapy] DEBUG: Scraped from <200 https://movie.douban.com/top250?filter=&start=50>
{'name': u'\u72ee\u5b50\u738b', 'rank': u'57'}
2016-05-23 19:49:12 [scrapy] DEBUG: Scraped from <200 https://movie.douban.com/top250?filter=&start=50>
{'name': u'\u88ab\u5acc\u5f03\u7684\u677e\u5b50\u7684\u4e00\u751f',
 'rank': u'58'}
2016-05-23 19:49:12 [scrapy] DEBUG: Scraped from <200 https://movie.douban.com/top250?filter=&start=50>
{'name': u'\u97f3\u4e50\u4e4b\u58f0', 'rank': u'59'}
2016-05-23 19:49:12 [scrapy] DEBUG: Scraped from <200 https://movie.douban.com/top250?filter=&start=50>
{'name': u'\u5c0f\u978b\u5b50', 'rank': u'60'}
2016-05-23 19:49:12 [scrapy] DEBUG: Scraped from <200 https://movie.douban.com/top250?filter=&start=50>
{'name': u'\u4f4e\u4fd7\u5c0f\u8bf4', 'rank': u'61'}
2016-05-23 19:49:12 [scrapy] DEBUG: Scraped from <200 https://movie.douban.com/top250?filter=&start=50>
{'name': u'\u661f\u9645\u7a7f\u8d8a', 'rank': u'62'}
2016-05-23 19:49:12 [scrapy] DEBUG: Scraped from <200 https://movie.douban.com/top250?filter=&start=50>
{'name': u'\u5165\u6b93\u5e08', 'rank': u'63'}
2016-05-23 19:49:12 [scrapy] DEBUG: Scraped from <200 https://movie.douban.com/top250?filter=&start=50>
{'name': u'\u8774\u8776\u6548\u5e94', 'rank': u'64'}
2016-05-23 19:49:12 [scrapy] DEBUG: Scraped from <200 https://movie.douban.com/top250?filter=&start=50>
{'name': u'\u739b\u4e3d\u548c\u9a6c\u514b\u601d', 'rank': u'65'}
2016-05-23 19:49:12 [scrapy] DEBUG: Scraped from <200 https://movie.douban.com/top250?filter=&start=50>
{'name': u'\u6c89\u9ed8\u7684\u7f94\u7f8a', 'rank': u'66'}
2016-05-23 19:49:12 [scrapy] DEBUG: Scraped from <200 https://movie.douban.com/top250?filter=&start=50>
{'name': u'\u672c\u6770\u660e\xb7\u5df4\u987f\u5947\u4e8b', 'rank': u'67'}
2016-05-23 19:49:12 [scrapy] DEBUG: Scraped from <200 https://movie.douban.com/top250?filter=&start=50>
{'name': u'\u9ed1\u5ba2\u5e1d\u56fd', 'rank': u'68'}
2016-05-23 19:49:12 [scrapy] DEBUG: Scraped from <200 https://movie.douban.com/top250?filter=&start=50>
{'name': u'\u62ef\u6551\u5927\u5175\u745e\u6069', 'rank': u'69'}
2016-05-23 19:49:12 [scrapy] DEBUG: Scraped from <200 https://movie.douban.com/top250?filter=&start=50>
{'name': u'\u996e\u98df\u7537\u5973', 'rank': u'70'}
2016-05-23 19:49:12 [scrapy] DEBUG: Scraped from <200 https://movie.douban.com/top250?filter=&start=50>
{'name': u'\u7b2c\u516d\u611f', 'rank': u'71'}
2016-05-23 19:49:12 [scrapy] DEBUG: Scraped from <200 https://movie.douban.com/top250?filter=&start=50>
{'name': u'\u897f\u897f\u91cc\u7684\u7f8e\u4e3d\u4f20\u8bf4', 'rank': u'72'}
2016-05-23 19:49:12 [scrapy] DEBUG: Scraped from <200 https://movie.douban.com/top250?filter=&start=50>
{'name': u'\u5927\u9c7c', 'rank': u'73'}
2016-05-23 19:49:12 [scrapy] DEBUG: Scraped from <200 https://movie.douban.com/top250?filter=&start=50>
{'name': u'\u8fa9\u62a4\u4eba', 'rank': u'74'}
2016-05-23 19:49:12 [scrapy] DEBUG: Scraped from <200 https://movie.douban.com/top250?filter=&start=50>
{'name': u'\u5e7d\u7075\u516c\u4e3b', 'rank': u'75'}
2016-05-23 19:49:14 [scrapy] DEBUG: Crawled (200) <GET https://movie.douban.com/top250?filter=&start=25> (referer: https://movie.douban.com/top250?start=0&filter=)
2016-05-23 19:49:14 [scrapy] DEBUG: Scraped from <200 https://movie.douban.com/top250?filter=&start=25>
{'name': u'\u5341\u4e8c\u6012\u6c49', 'rank': u'26'}
2016-05-23 19:49:14 [scrapy] DEBUG: Scraped from <200 https://movie.douban.com/top250?filter=&start=25>
{'name': u'\u5929\u7a7a\u4e4b\u57ce', 'rank': u'27'}
2016-05-23 19:49:14 [scrapy] DEBUG: Scraped from <200 https://movie.douban.com/top250?filter=&start=25>
{'name': u'\u4e24\u6746\u5927\u70df\u67aa', 'rank': u'28'}
2016-05-23 19:49:14 [scrapy] DEBUG: Scraped from <200 https://movie.douban.com/top250?filter=&start=25>
{'name': u'\u6026\u7136\u5fc3\u52a8', 'rank': u'29'}
2016-05-23 19:49:14 [scrapy] DEBUG: Scraped from <200 https://movie.douban.com/top250?filter=&start=25>
{'name': u'\u6d77\u8c5a\u6e7e', 'rank': u'30'}
2016-05-23 19:49:14 [scrapy] DEBUG: Scraped from <200 https://movie.douban.com/top250?filter=&start=25>
{'name': u'\u98de\u5c4b\u73af\u6e38\u8bb0', 'rank': u'31'}
2016-05-23 19:49:14 [scrapy] DEBUG: Scraped from <200 https://movie.douban.com/top250?filter=&start=25>
{'name': u'\u5927\u8bdd\u897f\u6e38\u4e4b\u6708\u5149\u5b9d\u76d2',
 'rank': u'32'}
2016-05-23 19:49:14 [scrapy] DEBUG: Scraped from <200 https://movie.douban.com/top250?filter=&start=25>
{'name': u'\u98de\u8d8a\u75af\u4eba\u9662', 'rank': u'33'}
2016-05-23 19:49:14 [scrapy] DEBUG: Scraped from <200 https://movie.douban.com/top250?filter=&start=25>
{'name': u'\u65e0\u95f4\u9053', 'rank': u'34'}
2016-05-23 19:49:14 [scrapy] DEBUG: Scraped from <200 https://movie.douban.com/top250?filter=&start=25>
{'name': u'\u9b3c\u5b50\u6765\u4e86', 'rank': u'35'}
2016-05-23 19:49:14 [scrapy] DEBUG: Scraped from <200 https://movie.douban.com/top250?filter=&start=25>
{'name': u'\u7a83\u542c\u98ce\u66b4', 'rank': u'36'}
2016-05-23 19:49:14 [scrapy] DEBUG: Scraped from <200 https://movie.douban.com/top250?filter=&start=25>
{'name': u'\u5c11\u5e74\u6d3e\u7684\u5947\u5e7b\u6f02\u6d41', 'rank': u'37'}
2016-05-23 19:49:14 [scrapy] DEBUG: Scraped from <200 https://movie.douban.com/top250?filter=&start=25>
{'name': u'\u8759\u8760\u4fa0\uff1a\u9ed1\u6697\u9a91\u58eb', 'rank': u'38'}
2016-05-23 19:49:14 [scrapy] DEBUG: Scraped from <200 https://movie.douban.com/top250?filter=&start=25>
{'name': u'\u7194\u7089', 'rank': u'39'}
2016-05-23 19:49:14 [scrapy] DEBUG: Scraped from <200 https://movie.douban.com/top250?filter=&start=25>
{'name': u'V\u5b57\u4ec7\u6740\u961f', 'rank': u'40'}
2016-05-23 19:49:14 [scrapy] DEBUG: Scraped from <200 https://movie.douban.com/top250?filter=&start=25>
{'name': u'\u95fb\u9999\u8bc6\u5973\u4eba', 'rank': u'41'}
2016-05-23 19:49:14 [scrapy] DEBUG: Scraped from <200 https://movie.douban.com/top250?filter=&start=25>
{'name': u'\u6d3b\u7740', 'rank': u'42'}
2016-05-23 19:49:14 [scrapy] DEBUG: Scraped from <200 https://movie.douban.com/top250?filter=&start=25>
{'name': u'\u5929\u4f7f\u7231\u7f8e\u4e3d', 'rank': u'43'}
2016-05-23 19:49:14 [scrapy] DEBUG: Scraped from <200 https://movie.douban.com/top250?filter=&start=25>
{'name': u'\u7f8e\u4e3d\u5fc3\u7075', 'rank': u'44'}
2016-05-23 19:49:14 [scrapy] DEBUG: Scraped from <200 https://movie.douban.com/top250?filter=&start=25>
{'name': u'\u6307\u73af\u738b1\uff1a\u9b54\u6212\u518d\u73b0', 'rank': u'45'}
2016-05-23 19:49:14 [scrapy] DEBUG: Scraped from <200 https://movie.douban.com/top250?filter=&start=25>
{'name': u'\u6307\u73af\u738b2\uff1a\u53cc\u5854\u5947\u5175', 'rank': u'46'}
2016-05-23 19:49:14 [scrapy] DEBUG: Scraped from <200 https://movie.douban.com/top250?filter=&start=25>
{'name': u'\u6559\u72362', 'rank': u'47'}
2016-05-23 19:49:14 [scrapy] DEBUG: Scraped from <200 https://movie.douban.com/top250?filter=&start=25>
{'name': u'\u54c8\u5c14\u7684\u79fb\u52a8\u57ce\u5821', 'rank': u'48'}
2016-05-23 19:49:14 [scrapy] DEBUG: Scraped from <200 https://movie.douban.com/top250?filter=&start=25>
{'name': u'\u4e03\u5b97\u7f6a', 'rank': u'49'}
2016-05-23 19:49:14 [scrapy] DEBUG: Scraped from <200 https://movie.douban.com/top250?filter=&start=25>
{'name': u'\u60c5\u4e66', 'rank': u'50'}
2016-05-23 19:49:14 [scrapy] INFO: Closing spider (finished)
2016-05-23 19:49:14 [scrapy] INFO: Dumping Scrapy stats:
{'downloader/request_bytes': 4289,
 'downloader/request_count': 12,
 'downloader/request_method_count/GET': 12,
 'downloader/response_bytes': 140664,
 'downloader/response_count': 12,
 'downloader/response_status_count/200': 12,
 'dupefilter/filtered': 90,
 'finish_reason': 'finished',
 'finish_time': datetime.datetime(2016, 5, 23, 11, 49, 14, 419224),
 'item_scraped_count': 250,
 'log_count/DEBUG': 264,
 'log_count/INFO': 7,
 'request_depth_max': 2,
 'response_received_count': 12,
 'scheduler/dequeued': 11,
 'scheduler/dequeued/memory': 11,
 'scheduler/enqueued': 11,
 'scheduler/enqueued/memory': 11,
 'start_time': datetime.datetime(2016, 5, 23, 11, 48, 32, 493353)}
2016-05-23 19:49:14 [scrapy] INFO: Spider closed (finished)
